Base path: C:/Program Files/Unity/Hub/Editor/2018.3.11f1/Editor/Data
Cmd: initializeCompiler
Cmd: compileComputeKernel
  api=4 insize=8597763 outsize=5349 ok=1
Cmd: compileComputeKernel
  api=4 insize=8597763 outsize=5689 ok=1
Cmd: compileComputeKernel
  api=4 insize=8597763 outsize=14825 ok=1
Cmd: compileComputeKernel
  api=4 insize=8597763 outsize=20385 ok=1
Cmd: compileComputeKernel
  api=4 insize=8597763 outsize=6093 ok=1
Cmd: compileComputeKernel
  api=4 insize=8597763 outsize=201 ok=1
Cmd: compileComputeKernel
  api=4 insize=8597763 outsize=201 ok=1
Cmd: compileComputeKernel
  api=4 insize=8597763 outsize=201 ok=1
Cmd: compileComputeKernel
  api=4 insize=8597763 outsize=201 ok=1
Cmd: compileComputeKernel
  api=4 insize=8597763 outsize=2293 ok=1
Cmd: compileComputeKernel
  api=4 insize=8597763 outsize=201 ok=1
Cmd: compileComputeKernel
  api=4 insize=8597763 outsize=17045 ok=1
Cmd: compileComputeKernel
  api=4 insize=8597763 outsize=201 ok=1
Cmd: compileComputeKernel
  api=4 insize=8597763 outsize=6429 ok=1
Cmd: compileComputeKernel
  api=4 insize=8597763 outsize=201 ok=1
Cmd: compileComputeKernel
  api=4 insize=8597763 outsize=18265 ok=1
Cmd: compileComputeKernel
  api=4 insize=8597763 outsize=201 ok=1
Cmd: compileComputeKernel
  api=4 insize=8597763 outsize=2293 ok=1
Cmd: compileComputeKernel
  api=4 insize=8597763 outsize=201 ok=1
Cmd: compileComputeKernel
  api=4 insize=8597763 outsize=20385 ok=1
Cmd: compileComputeKernel
  api=4 insize=8597763 outsize=201 ok=1
Cmd: compileComputeKernel
  api=4 insize=8597763 outsize=8325 ok=1
Cmd: compileComputeKernel
  api=4 insize=8597763 outsize=201 ok=1
Cmd: compileComputeKernel
  api=4 insize=8597763 outsize=12129 ok=1
Cmd: compileComputeKernel
  api=4 insize=8597763 outsize=201 ok=1
Cmd: compileComputeKernel
  api=4 insize=8597763 outsize=201 ok=1
Cmd: compileComputeKernel
  api=4 insize=8597763 outsize=201 ok=1
Cmd: compileComputeKernel
  api=4 insize=8597763 outsize=201 ok=1
Cmd: compileComputeKernel
  api=4 insize=8597763 outsize=201 ok=1
Cmd: compileComputeKernel
  api=4 insize=8597763 outsize=201 ok=1
Cmd: compileComputeKernel
  api=4 insize=8597763 outsize=201 ok=1
Cmd: compileComputeKernel
  api=4 insize=8597763 outsize=201 ok=1
Cmd: compileComputeKernel
  api=4 insize=8597763 outsize=201 ok=1
Cmd: compileComputeKernel
  api=4 insize=8597763 outsize=201 ok=1
Cmd: compileComputeKernel
  api=4 insize=8597763 outsize=201 ok=1
Cmd: compileComputeKernel
  api=4 insize=8597763 outsize=201 ok=1
Cmd: compileComputeKernel
  api=4 insize=8597763 outsize=201 ok=1
Cmd: compileComputeKernel
  api=4 insize=8597763 outsize=201 ok=1
Cmd: compileComputeKernel
  api=4 insize=8597763 outsize=201 ok=1
Cmd: compileComputeKernel
  api=4 insize=8597763 outsize=2293 ok=1
Cmd: compileComputeKernel
  api=4 insize=8597763 outsize=14633 ok=1
Cmd: compileComputeKernel
  api=4 insize=8597763 outsize=17045 ok=1
Cmd: compileComputeKernel
  api=4 insize=8597763 outsize=201 ok=1
Cmd: compileComputeKernel
  api=4 insize=8597763 outsize=201 ok=1
Cmd: compileComputeKernel
  api=4 insize=8597763 outsize=12693 ok=1
Cmd: compileComputeKernel
  api=4 insize=8597763 outsize=15645 ok=1
Cmd: compileComputeKernel
  api=4 insize=8597763 outsize=201 ok=1
Cmd: compileComputeKernel
  api=4 insize=8597763 outsize=201 ok=1
Cmd: compileComputeKernel
  api=4 insize=8597763 outsize=201 ok=1
Cmd: compileComputeKernel
  api=4 insize=8597763 outsize=201 ok=1
Cmd: compileComputeKernel
  api=4 insize=8597763 outsize=201 ok=1
Cmd: compileComputeKernel
  api=4 insize=8597763 outsize=201 ok=1
Cmd: compileComputeKernel
  api=4 insize=8597763 outsize=201 ok=1
Cmd: compileComputeKernel
  api=4 insize=8597763 outsize=201 ok=1
Cmd: compileComputeKernel
  api=4 insize=8597763 outsize=201 ok=1
Cmd: compileComputeKernel
  api=4 insize=8597763 outsize=201 ok=1
Cmd: compileComputeKernel
  api=4 insize=8597763 outsize=201 ok=1
Cmd: compileComputeKernel
  api=4 insize=8597763 outsize=201 ok=1
Cmd: compileComputeKernel
  api=4 insize=8597763 outsize=201 ok=1
Cmd: compileComputeKernel
  api=4 insize=8597763 outsize=201 ok=1
Cmd: compileComputeKernel
  api=4 insize=8597763 outsize=201 ok=1
Cmd: compileComputeKernel
  api=4 insize=8597763 outsize=201 ok=1
Cmd: compileComputeKernel
  api=4 insize=8597763 outsize=201 ok=1
Cmd: compileComputeKernel
  api=4 insize=8597763 outsize=201 ok=1
Cmd: compileComputeKernel
  api=4 insize=8597763 outsize=201 ok=1
Cmd: compileComputeKernel
  api=4 insize=8597763 outsize=201 ok=1
Cmd: compileComputeKernel
  api=4 insize=8597763 outsize=201 ok=1
Cmd: compileComputeKernel
  api=4 insize=8597763 outsize=201 ok=1
Cmd: compileComputeKernel
  api=4 insize=8597763 outsize=201 ok=1
Cmd: compileComputeKernel
  api=4 insize=8597763 outsize=201 ok=1
Cmd: compileComputeKernel
  api=4 insize=8597763 outsize=201 ok=1
Cmd: compileComputeKernel
  api=4 insize=8597763 outsize=201 ok=1
Cmd: compileComputeKernel
  api=4 insize=8597763 outsize=201 ok=1
Cmd: compileComputeKernel
  api=4 insize=8597763 outsize=201 ok=1
Cmd: compileComputeKernel
  api=4 insize=8597763 outsize=201 ok=1
Cmd: compileComputeKernel
  api=4 insize=8597763 outsize=201 ok=1
Cmd: compileComputeKernel
  api=4 insize=8597763 outsize=201 ok=1
Cmd: compileComputeKernel
  api=4 insize=8597763 outsize=201 ok=1
Cmd: compileComputeKernel
  api=4 insize=8597763 outsize=201 ok=1
Cmd: compileComputeKernel
  api=4 insize=8597763 outsize=201 ok=1
Cmd: compileComputeKernel
  api=4 insize=8597763 outsize=201 ok=1
Cmd: compileComputeKernel
  api=4 insize=8597763 outsize=201 ok=1
Cmd: compileComputeKernel
  api=4 insize=8597763 outsize=201 ok=1
Cmd: compileComputeKernel
  api=4 insize=8597763 outsize=201 ok=1
Cmd: compileComputeKernel
  api=4 insize=8597763 outsize=21273 ok=1
Cmd: compileComputeKernel
  api=4 insize=8597763 outsize=14253 ok=1
Cmd: compileComputeKernel
  api=4 insize=8597763 outsize=201 ok=1
Cmd: compileComputeKernel
  api=4 insize=8597763 outsize=201 ok=1
Cmd: compileComputeKernel
  api=4 insize=8597763 outsize=201 ok=1
Cmd: compileComputeKernel
  api=4 insize=8597763 outsize=12089 ok=1
Cmd: compileComputeKernel
  api=4 insize=8597763 outsize=14849 ok=1
Cmd: compileComputeKernel
  api=4 insize=8597763 outsize=201 ok=1
Cmd: compileComputeKernel
  api=4 insize=8597763 outsize=201 ok=1
Cmd: compileComputeKernel
  api=4 insize=8597763 outsize=201 ok=1
Cmd: compileComputeKernel
  api=4 insize=8597763 outsize=4097 ok=1
Cmd: compileComputeKernel
  api=4 insize=8597763 outsize=19585 ok=1
Cmd: compileComputeKernel
  api=4 insize=8597763 outsize=201 ok=1
Cmd: compileComputeKernel
  api=4 insize=8597763 outsize=201 ok=1
Cmd: compileComputeKernel
  api=4 insize=8597763 outsize=201 ok=1
Cmd: compileComputeKernel
  api=4 insize=8597763 outsize=9277 ok=1
Cmd: compileComputeKernel
  api=4 insize=8597763 outsize=12037 ok=1
Cmd: compileComputeKernel
  api=4 insize=8597763 outsize=201 ok=1
Cmd: compileComputeKernel
  api=4 insize=8597763 outsize=201 ok=1
Cmd: compileComputeKernel
  api=4 insize=8597763 outsize=201 ok=1
Cmd: compileComputeKernel
  api=4 insize=8597763 outsize=201 ok=1
Cmd: compileComputeKernel
  api=4 insize=8597763 outsize=11685 ok=1
Cmd: compileComputeKernel
  api=4 insize=8597763 outsize=201 ok=1
Cmd: compileComputeKernel
  api=4 insize=8597763 outsize=22285 ok=1
Cmd: compileComputeKernel
  api=4 insize=8597763 outsize=201 ok=1
Cmd: compileComputeKernel
  api=4 insize=8597763 outsize=201 ok=1
Cmd: compileComputeKernel
  api=4 insize=8597763 outsize=201 ok=1
Cmd: compileComputeKernel
  api=4 insize=8597763 outsize=201 ok=1
Cmd: compileComputeKernel
  api=4 insize=8597763 outsize=201 ok=1
Cmd: compileComputeKernel
  api=4 insize=8597763 outsize=201 ok=1
Cmd: compileComputeKernel
  api=4 insize=8597763 outsize=201 ok=1
Cmd: compileComputeKernel
  api=4 insize=8597763 outsize=201 ok=1
Cmd: compileComputeKernel
  api=4 insize=8597763 outsize=201 ok=1
Cmd: compileComputeKernel
  api=4 insize=8597763 outsize=201 ok=1
Cmd: compileComputeKernel
  api=4 insize=8597763 outsize=201 ok=1
Cmd: compileComputeKernel
  api=4 insize=8597763 outsize=201 ok=1
Cmd: compileComputeKernel
  api=4 insize=8597763 outsize=201 ok=1
Cmd: compileComputeKernel
  api=4 insize=8597763 outsize=201 ok=1
Cmd: compileComputeKernel
  api=4 insize=8597763 outsize=201 ok=1
Cmd: compileComputeKernel
  api=4 insize=8597763 outsize=201 ok=1
Cmd: compileComputeKernel
  api=4 insize=8597763 outsize=201 ok=1
Cmd: compileComputeKernel
  api=4 insize=8597763 outsize=201 ok=1
Cmd: compileComputeKernel
  api=4 insize=8597763 outsize=201 ok=1
Cmd: compileComputeKernel
  api=4 insize=8597763 outsize=201 ok=1
Cmd: compileComputeKernel
  api=4 insize=8597763 outsize=201 ok=1
Cmd: compileComputeKernel
  api=4 insize=8597763 outsize=201 ok=1
Cmd: compileComputeKernel
  api=4 insize=8597763 outsize=201 ok=1
Cmd: compileComputeKernel
  api=4 insize=8597763 outsize=201 ok=1
Cmd: compileComputeKernel
  api=4 insize=8597763 outsize=201 ok=1
Cmd: compileComputeKernel
  api=4 insize=8597763 outsize=201 ok=1
Cmd: compileComputeKernel
  api=4 insize=8597763 outsize=201 ok=1
Cmd: compileComputeKernel
  api=4 insize=8597763 outsize=201 ok=1
Cmd: compileComputeKernel
  api=4 insize=8597763 outsize=201 ok=1
Cmd: compileComputeKernel
  api=4 insize=8597763 outsize=25001 ok=1
Cmd: compileComputeKernel
  api=4 insize=8597763 outsize=201 ok=1
Cmd: compileComputeKernel
  api=4 insize=8597763 outsize=201 ok=1
Cmd: compileComputeKernel
  api=4 insize=8597763 outsize=201 ok=1
Cmd: compileComputeKernel
  api=4 insize=8597763 outsize=201 ok=1
Cmd: compileComputeKernel
  api=4 insize=8597763 outsize=201 ok=1
Cmd: compileComputeKernel
  api=4 insize=8597763 outsize=201 ok=1
Cmd: compileComputeKernel
  api=4 insize=8597763 outsize=201 ok=1
Cmd: compileComputeKernel
  api=4 insize=8597763 outsize=201 ok=1
Cmd: compileComputeKernel
  api=4 insize=8597763 outsize=201 ok=1
Cmd: compileComputeKernel
  api=4 insize=8597763 outsize=201 ok=1
Cmd: compileComputeKernel
  api=4 insize=8597763 outsize=201 ok=1
Cmd: compileComputeKernel
  api=4 insize=8597763 outsize=201 ok=1
Cmd: compileComputeKernel
  api=4 insize=8597763 outsize=201 ok=1
Cmd: compileComputeKernel
  api=4 insize=8597763 outsize=201 ok=1
Cmd: compileComputeKernel
  api=4 insize=8597763 outsize=201 ok=1
Cmd: compileComputeKernel
  api=4 insize=8597763 outsize=201 ok=1
Cmd: compileComputeKernel
  api=4 insize=8597763 outsize=201 ok=1
Cmd: compileComputeKernel
  api=4 insize=8597763 outsize=201 ok=1
Cmd: compileComputeKernel
  api=4 insize=8597763 outsize=201 ok=1
Cmd: compileComputeKernel
  api=4 insize=8597763 outsize=201 ok=1
Cmd: compileComputeKernel
  api=4 insize=8597763 outsize=201 ok=1
Cmd: compileComputeKernel
  api=4 insize=8597763 outsize=201 ok=1
Cmd: compileComputeKernel
  api=4 insize=8597763 outsize=201 ok=1
Cmd: compileComputeKernel
  api=4 insize=8597763 outsize=201 ok=1
Cmd: compileComputeKernel
  api=4 insize=8597763 outsize=201 ok=1
Cmd: compileComputeKernel
  api=4 insize=8597763 outsize=201 ok=1
Cmd: compileComputeKernel
  api=4 insize=8597763 outsize=201 ok=1
Cmd: compileComputeKernel
  api=4 insize=8597763 outsize=201 ok=1
Cmd: compileComputeKernel
  api=4 insize=8597763 outsize=201 ok=1
Cmd: compileComputeKernel
  api=4 insize=8597763 outsize=201 ok=1
Cmd: compileComputeKernel
  api=4 insize=8597763 outsize=201 ok=1
Cmd: compileComputeKernel
  api=4 insize=8597763 outsize=201 ok=1
Cmd: compileComputeKernel
  api=4 insize=8597763 outsize=201 ok=1
Cmd: compileComputeKernel
  api=4 insize=8597763 outsize=201 ok=1
Cmd: compileComputeKernel
  api=4 insize=8597763 outsize=201 ok=1
Cmd: compileComputeKernel
  api=4 insize=8597763 outsize=201 ok=1
Cmd: compileComputeKernel
  api=4 insize=8597763 outsize=201 ok=1
Cmd: compileComputeKernel
  api=4 insize=8597763 outsize=201 ok=1
Cmd: compileComputeKernel
  api=4 insize=8597763 outsize=201 ok=1
Cmd: compileComputeKernel
  api=4 insize=8597763 outsize=201 ok=1
Cmd: compileComputeKernel
  api=4 insize=8597763 outsize=201 ok=1
Cmd: compileComputeKernel
  api=4 insize=8597763 outsize=201 ok=1
Cmd: compileComputeKernel
  api=4 insize=8597763 outsize=201 ok=1
Cmd: compileComputeKernel
  api=4 insize=8597763 outsize=201 ok=1
Cmd: compileComputeKernel
  api=4 insize=8597763 outsize=201 ok=1
Cmd: compileComputeKernel
  api=4 insize=8597763 outsize=201 ok=1
Cmd: compileComputeKernel
  api=4 insize=8597763 outsize=201 ok=1
Cmd: compileComputeKernel
  api=4 insize=8597763 outsize=201 ok=1
Cmd: compileComputeKernel
  api=4 insize=8597763 outsize=201 ok=1
Cmd: compileComputeKernel
  api=4 insize=8597763 outsize=201 ok=1
Cmd: compileComputeKernel
  api=4 insize=8597763 outsize=201 ok=1
Cmd: compileComputeKernel
  api=4 insize=8597763 outsize=201 ok=1
Cmd: compileComputeKernel
  api=4 insize=8597763 outsize=201 ok=1
Cmd: compileComputeKernel
  api=4 insize=8597763 outsize=201 ok=1
Cmd: compileComputeKernel
  api=4 insize=8597763 outsize=201 ok=1
Cmd: compileComputeKernel
  api=4 insize=8597763 outsize=201 ok=1
Cmd: compileComputeKernel
  api=4 insize=8597763 outsize=201 ok=1
Cmd: compileComputeKernel
  api=4 insize=8597763 outsize=201 ok=1
Cmd: compileComputeKernel
  api=4 insize=8597763 outsize=201 ok=1
Cmd: compileComputeKernel
  api=4 insize=8597763 outsize=201 ok=1
Cmd: compileComputeKernel
  api=4 insize=8597763 outsize=201 ok=1
Cmd: compileComputeKernel
  api=4 insize=8597763 outsize=201 ok=1
Cmd: compileComputeKernel
  api=4 insize=8597763 outsize=201 ok=1
Cmd: compileComputeKernel
  api=4 insize=8597763 outsize=201 ok=1
Cmd: compileComputeKernel
  api=4 insize=8597763 outsize=201 ok=1
Cmd: compileComputeKernel
  api=4 insize=8597763 outsize=201 ok=1
Cmd: compileComputeKernel
  api=4 insize=8597763 outsize=201 ok=1
Cmd: compileComputeKernel
  api=4 insize=8597763 outsize=201 ok=1
Cmd: compileComputeKernel
  api=4 insize=8597763 outsize=201 ok=1
Cmd: compileComputeKernel
  api=4 insize=8597763 outsize=201 ok=1
Cmd: compileComputeKernel
  api=4 insize=8597763 outsize=201 ok=1
Cmd: compileComputeKernel
  api=4 insize=8597763 outsize=201 ok=1
Cmd: compileComputeKernel
  api=4 insize=8597763 outsize=201 ok=1
Cmd: compileComputeKernel
  api=4 insize=8597763 outsize=201 ok=1
Cmd: compileComputeKernel
  api=4 insize=8597763 outsize=201 ok=1
Cmd: compileComputeKernel
  api=4 insize=8597763 outsize=201 ok=1
Cmd: compileComputeKernel
  api=4 insize=8597763 outsize=201 ok=1
Cmd: compileComputeKernel
  api=4 insize=8597763 outsize=201 ok=1
Cmd: compileComputeKernel
  api=4 insize=8597763 outsize=201 ok=1
Cmd: compileComputeKernel
  api=4 insize=8597763 outsize=201 ok=1
Cmd: compileComputeKernel
  api=4 insize=8597763 outsize=201 ok=1
Cmd: compileComputeKernel
  api=4 insize=8597763 outsize=201 ok=1
Cmd: compileComputeKernel
  api=4 insize=8597763 outsize=201 ok=1
Cmd: compileComputeKernel
  api=4 insize=8597763 outsize=201 ok=1
Cmd: compileComputeKernel
  api=4 insize=8597763 outsize=201 ok=1
Cmd: compileComputeKernel
  api=4 insize=8597763 outsize=201 ok=1
Cmd: compileComputeKernel
  api=4 insize=8597763 outsize=201 ok=1
Cmd: compileComputeKernel
  api=4 insize=8597763 outsize=201 ok=1
Cmd: compileComputeKernel
  api=4 insize=8597763 outsize=201 ok=1
Cmd: compileComputeKernel
  api=4 insize=8597763 outsize=201 ok=1
Cmd: compileComputeKernel
  api=4 insize=8597763 outsize=201 ok=1
Cmd: compileComputeKernel
  api=4 insize=8597763 outsize=201 ok=1
Cmd: compileComputeKernel
  api=4 insize=8597763 outsize=201 ok=1
Cmd: compileComputeKernel
  api=4 insize=8597763 outsize=201 ok=1
Cmd: compileComputeKernel
  api=4 insize=8597763 outsize=201 ok=1
Cmd: compileComputeKernel
  api=4 insize=8597763 outsize=201 ok=1
Cmd: compileComputeKernel
  api=4 insize=8597763 outsize=201 ok=1
Cmd: compileComputeKernel
  api=4 insize=8597763 outsize=201 ok=1
Cmd: compileComputeKernel
  api=4 insize=8597763 outsize=201 ok=1
Cmd: compileComputeKernel
  api=4 insize=8597763 outsize=201 ok=1
Cmd: compileComputeKernel
  api=4 insize=8597763 outsize=201 ok=1
Cmd: compileComputeKernel
  api=4 insize=8597763 outsize=201 ok=1
Cmd: compileComputeKernel
  api=4 insize=8597763 outsize=201 ok=1
Cmd: compileComputeKernel
  api=4 insize=8597763 outsize=201 ok=1
Cmd: compileComputeKernel
  api=4 insize=8597763 outsize=201 ok=1
Cmd: compileComputeKernel
  api=4 insize=8597763 outsize=201 ok=1
Cmd: compileComputeKernel
  api=4 insize=8597763 outsize=201 ok=1
Cmd: compileComputeKernel
  api=4 insize=8597763 outsize=201 ok=1
Cmd: compileComputeKernel
  api=4 insize=8597763 outsize=201 ok=1
Cmd: compileComputeKernel
  api=4 insize=8597763 outsize=201 ok=1
Cmd: compileComputeKernel
  api=4 insize=8597763 outsize=201 ok=1
Cmd: compileComputeKernel
  api=4 insize=8597763 outsize=201 ok=1
Cmd: compileComputeKernel
  api=4 insize=8597763 outsize=201 ok=1
Cmd: compileComputeKernel
  api=4 insize=8597763 outsize=201 ok=1
Cmd: compileComputeKernel
  api=4 insize=8597763 outsize=201 ok=1
Cmd: compileComputeKernel
  api=4 insize=8597763 outsize=201 ok=1
Cmd: compileComputeKernel
  api=4 insize=8597763 outsize=201 ok=1
Cmd: compileComputeKernel
  api=4 insize=8597763 outsize=201 ok=1
Cmd: compileComputeKernel
  api=4 insize=8597763 outsize=201 ok=1
Cmd: compileComputeKernel
  api=4 insize=8597763 outsize=201 ok=1
Cmd: compileComputeKernel
  api=4 insize=8597763 outsize=201 ok=1
Cmd: compileComputeKernel
  api=4 insize=8597763 outsize=201 ok=1
Cmd: compileComputeKernel
  api=4 insize=8597763 outsize=201 ok=1
Cmd: compileComputeKernel
  api=4 insize=8597763 outsize=8685 ok=1
Cmd: compileComputeKernel
  api=4 insize=8597763 outsize=11425 ok=1
Cmd: compileComputeKernel
  api=4 insize=8597763 outsize=5161 ok=1
Cmd: compileComputeKernel
  api=4 insize=8597763 outsize=201 ok=1
Cmd: compileComputeKernel
  api=4 insize=8597763 outsize=201 ok=1
Cmd: compileComputeKernel
  api=4 insize=8597763 outsize=201 ok=1
Cmd: compileComputeKernel
  api=4 insize=8597763 outsize=201 ok=1
Cmd: compileComputeKernel
  api=4 insize=8597763 outsize=201 ok=1
Cmd: compileComputeKernel
  api=4 insize=8597763 outsize=201 ok=1
Cmd: compileComputeKernel
  api=4 insize=8597763 outsize=5565 ok=1
Cmd: compileComputeKernel
  api=4 insize=8597763 outsize=18097 ok=1
Cmd: compileComputeKernel
  api=4 insize=8597763 outsize=201 ok=1
Cmd: compileComputeKernel
  api=4 insize=8597763 outsize=201 ok=1
Cmd: compileComputeKernel
  api=4 insize=8597763 outsize=201 ok=1
Cmd: compileComputeKernel
  api=4 insize=8597763 outsize=8153 ok=1
Cmd: compileComputeKernel
  api=4 insize=8597763 outsize=20533 ok=1
Cmd: compileComputeKernel
  api=4 insize=8597763 outsize=201 ok=1
Cmd: compileComputeKernel
  api=4 insize=8597763 outsize=201 ok=1
Cmd: compileComputeKernel
  api=4 insize=8597763 outsize=6093 ok=1
Cmd: compileComputeKernel
  api=4 insize=8597763 outsize=201 ok=1
Cmd: compileComputeKernel
  api=4 insize=8597763 outsize=12889 ok=1
Cmd: compileComputeKernel
  api=4 insize=8597763 outsize=201 ok=1
Cmd: compileComputeKernel
  api=4 insize=8597763 outsize=201 ok=1
Cmd: compileComputeKernel
  api=4 insize=8597763 outsize=201 ok=1
Cmd: compileComputeKernel
  api=4 insize=8597763 outsize=4969 ok=1
Cmd: compileComputeKernel
  api=4 insize=8597763 outsize=17405 ok=1
Cmd: compileComputeKernel
  api=4 insize=8597763 outsize=201 ok=1
Cmd: compileComputeKernel
  api=4 insize=8597763 outsize=201 ok=1
Cmd: compileComputeKernel
  api=4 insize=8597763 outsize=201 ok=1
Cmd: compileComputeKernel
  api=4 insize=8597763 outsize=201 ok=1
Cmd: compileComputeKernel
  api=4 insize=8597763 outsize=15173 ok=1
Cmd: compileComputeKernel
  api=4 insize=8597763 outsize=201 ok=1
Cmd: compileComputeKernel
  api=4 insize=8597763 outsize=25485 ok=1
Cmd: compileComputeKernel
  api=4 insize=8597763 outsize=201 ok=1
Cmd: compileComputeKernel
  api=4 insize=8597763 outsize=201 ok=1
Cmd: compileComputeKernel
  api=4 insize=8597763 outsize=201 ok=1
Cmd: compileComputeKernel
  api=4 insize=8597763 outsize=201 ok=1
Cmd: compileComputeKernel
  api=4 insize=8597763 outsize=201 ok=1
Cmd: compileComputeKernel
  api=4 insize=8597763 outsize=201 ok=1
Cmd: compileComputeKernel
  api=4 insize=8597763 outsize=201 ok=1
Cmd: compileComputeKernel
  api=4 insize=8597763 outsize=201 ok=1
Cmd: compileComputeKernel
  api=4 insize=8597763 outsize=201 ok=1
Cmd: compileComputeKernel
  api=4 insize=8597763 outsize=201 ok=1
Cmd: compileComputeKernel
  api=4 insize=8597763 outsize=201 ok=1
Cmd: compileComputeKernel
  api=4 insize=8597763 outsize=201 ok=1
Cmd: compileComputeKernel
  api=4 insize=8597763 outsize=201 ok=1
Cmd: compileComputeKernel
  api=4 insize=8597763 outsize=11957 ok=1
Cmd: compileComputeKernel
  api=4 insize=8597763 outsize=201 ok=1
Cmd: compileComputeKernel
  api=4 insize=8597763 outsize=201 ok=1
Cmd: compileComputeKernel
  api=4 insize=8597763 outsize=201 ok=1
Cmd: compileComputeKernel
  api=4 insize=8597763 outsize=15349 ok=1
Cmd: compileComputeKernel
  api=4 insize=8597763 outsize=201 ok=1
Cmd: compileComputeKernel
  api=4 insize=8597763 outsize=26045 ok=1
Cmd: compileComputeKernel
  api=4 insize=8597763 outsize=201 ok=1
Cmd: compileComputeKernel
  api=4 insize=8597763 outsize=201 ok=1
Cmd: compileComputeKernel
  api=4 insize=8597763 outsize=201 ok=1
Cmd: compileComputeKernel
  api=4 insize=8597763 outsize=201 ok=1
Cmd: compileComputeKernel
  api=4 insize=8597763 outsize=201 ok=1
Cmd: compileComputeKernel
  api=4 insize=8597763 outsize=201 ok=1
Cmd: compileComputeKernel
  api=4 insize=8597763 outsize=201 ok=1
Cmd: compileComputeKernel
  api=4 insize=8597763 outsize=201 ok=1
Cmd: compileComputeKernel
  api=4 insize=8597763 outsize=201 ok=1
Cmd: compileComputeKernel
  api=4 insize=8597763 outsize=201 ok=1
Cmd: compileComputeKernel
  api=4 insize=8597763 outsize=201 ok=1
Cmd: compileComputeKernel
  api=4 insize=8597763 outsize=201 ok=1
Cmd: compileComputeKernel
  api=4 insize=8597763 outsize=201 ok=1
Cmd: compileComputeKernel
  api=4 insize=8597763 outsize=201 ok=1
Cmd: compileComputeKernel
  api=4 insize=8597763 outsize=201 ok=1
Cmd: compileComputeKernel
  api=4 insize=8597763 outsize=201 ok=1
Cmd: compileComputeKernel
  api=4 insize=8597763 outsize=201 ok=1
Cmd: compileComputeKernel
  api=4 insize=8597763 outsize=201 ok=1
Cmd: compileComputeKernel
  api=4 insize=8597763 outsize=201 ok=1
Cmd: compileComputeKernel
  api=4 insize=8597763 outsize=201 ok=1
Cmd: compileComputeKernel
  api=4 insize=8597763 outsize=201 ok=1
Cmd: compileComputeKernel
  api=4 insize=8597763 outsize=201 ok=1
Cmd: compileComputeKernel
  api=4 insize=8597763 outsize=201 ok=1
Cmd: compileComputeKernel
  api=4 insize=8597763 outsize=201 ok=1
Cmd: compileComputeKernel
  api=4 insize=8597763 outsize=201 ok=1
Cmd: compileComputeKernel
  api=4 insize=8597763 outsize=201 ok=1
Cmd: compileComputeKernel
  api=4 insize=8597763 outsize=201 ok=1
Cmd: compileComputeKernel
  api=4 insize=8597763 outsize=201 ok=1
Cmd: compileComputeKernel
  api=4 insize=8597763 outsize=201 ok=1
Cmd: compileComputeKernel
  api=4 insize=8597763 outsize=2625 ok=1
Cmd: compileComputeKernel
  api=4 insize=8597763 outsize=18297 ok=1
Cmd: compileComputeKernel
  api=4 insize=8597763 outsize=6545 ok=1
Cmd: compileComputeKernel
  api=4 insize=8597763 outsize=18829 ok=1
Cmd: compileComputeKernel
  api=4 insize=8597763 outsize=201 ok=1
Cmd: compileComputeKernel
  api=4 insize=8597763 outsize=201 ok=1
Cmd: compileComputeKernel
  api=4 insize=8597763 outsize=201 ok=1
Cmd: compileComputeKernel
  api=4 insize=8597763 outsize=11525 ok=1
Cmd: compileComputeKernel
  api=4 insize=8597763 outsize=201 ok=1
Cmd: compileComputeKernel
  api=4 insize=8597763 outsize=201 ok=1
Cmd: compileComputeKernel
  api=4 insize=8597763 outsize=201 ok=1
Cmd: compileComputeKernel
  api=4 insize=8597763 outsize=201 ok=1
Cmd: compileComputeKernel
  api=4 insize=8597763 outsize=201 ok=1
Cmd: compileComputeKernel
  api=4 insize=8597763 outsize=10929 ok=1
Cmd: compileComputeKernel
  api=4 insize=8597763 outsize=10349 ok=1
Cmd: compileComputeKernel
  api=4 insize=8597763 outsize=201 ok=1
Cmd: compileComputeKernel
  api=4 insize=8597763 outsize=201 ok=1
Cmd: compileComputeKernel
  api=4 insize=8597763 outsize=201 ok=1
Cmd: compileComputeKernel
  api=4 insize=8597763 outsize=4273 ok=1
Cmd: compileComputeKernel
  api=4 insize=8597763 outsize=16517 ok=1
Cmd: compileComputeKernel
  api=4 insize=8597763 outsize=22269 ok=1
Cmd: compileComputeKernel
  api=4 insize=8597763 outsize=201 ok=1
Cmd: compileComputeKernel
  api=4 insize=8597763 outsize=201 ok=1
Cmd: compileComputeKernel
  api=4 insize=8597763 outsize=201 ok=1
Cmd: compileComputeKernel
  api=4 insize=8597763 outsize=18189 ok=1
Cmd: compileComputeKernel
  api=4 insize=8597763 outsize=201 ok=1
Cmd: compileComputeKernel
  api=4 insize=8597763 outsize=201 ok=1
Cmd: compileComputeKernel
  api=4 insize=8597763 outsize=13565 ok=1
Cmd: compileComputeKernel
  api=4 insize=8597763 outsize=201 ok=1
Cmd: compileComputeKernel
  api=4 insize=8597763 outsize=21037 ok=1
Cmd: compileComputeKernel
  api=4 insize=8597763 outsize=201 ok=1
Cmd: compileComputeKernel
  api=4 insize=8597763 outsize=201 ok=1
Cmd: compileComputeKernel
  api=4 insize=8597763 outsize=201 ok=1
Cmd: compileComputeKernel
  api=4 insize=8597763 outsize=201 ok=1
Cmd: compileComputeKernel
  api=4 insize=8597763 outsize=201 ok=1
Cmd: compileComputeKernel
  api=4 insize=8597763 outsize=201 ok=1
Unhandled exception: Protocol error - unexpected end of data (did the Editor crash?)

Quitting shader compiler process
