Base path: C:/Program Files/Unity/Hub/Editor/2018.3.11f1/Editor/Data
Cmd: initializeCompiler
Cmd: compileComputeKernel
  api=4 insize=8597763 outsize=13069 ok=1
Cmd: compileComputeKernel
  api=4 insize=8597763 outsize=201 ok=1
Cmd: compileComputeKernel
  api=4 insize=8597763 outsize=201 ok=1
Cmd: compileComputeKernel
  api=4 insize=8597763 outsize=201 ok=1
Cmd: compileComputeKernel
  api=4 insize=8597763 outsize=15421 ok=1
Cmd: compileComputeKernel
  api=4 insize=8597763 outsize=201 ok=1
Cmd: compileComputeKernel
  api=4 insize=8597763 outsize=201 ok=1
Cmd: compileComputeKernel
  api=4 insize=8597763 outsize=14633 ok=1
Cmd: compileComputeKernel
  api=4 insize=8597763 outsize=201 ok=1
Cmd: compileComputeKernel
  api=4 insize=8597763 outsize=201 ok=1
Cmd: compileComputeKernel
  api=4 insize=8597763 outsize=15661 ok=1
Cmd: compileComputeKernel
  api=4 insize=8597763 outsize=201 ok=1
Cmd: compileComputeKernel
  api=4 insize=8597763 outsize=201 ok=1
Cmd: compileComputeKernel
  api=4 insize=8597763 outsize=9881 ok=1
Cmd: compileComputeKernel
  api=4 insize=8597763 outsize=201 ok=1
Cmd: compileComputeKernel
  api=4 insize=8597763 outsize=201 ok=1
Cmd: compileComputeKernel
  api=4 insize=8597763 outsize=201 ok=1
Cmd: compileComputeKernel
  api=4 insize=8597763 outsize=201 ok=1
Cmd: compileComputeKernel
  api=4 insize=8597763 outsize=12517 ok=1
Cmd: compileComputeKernel
  api=4 insize=8597763 outsize=201 ok=1
Cmd: compileComputeKernel
  api=4 insize=8597763 outsize=201 ok=1
Cmd: compileComputeKernel
  api=4 insize=8597763 outsize=201 ok=1
Cmd: compileComputeKernel
  api=4 insize=8597763 outsize=201 ok=1
Cmd: compileComputeKernel
  api=4 insize=8597763 outsize=201 ok=1
Cmd: compileComputeKernel
  api=4 insize=8597763 outsize=201 ok=1
Cmd: compileComputeKernel
  api=4 insize=8597763 outsize=201 ok=1
Cmd: compileComputeKernel
  api=4 insize=8597763 outsize=201 ok=1
Cmd: compileComputeKernel
  api=4 insize=8597763 outsize=201 ok=1
Cmd: compileComputeKernel
  api=4 insize=8597763 outsize=6733 ok=1
Cmd: compileComputeKernel
  api=4 insize=8597763 outsize=12449 ok=1
Cmd: compileComputeKernel
  api=4 insize=8597763 outsize=201 ok=1
Cmd: compileComputeKernel
  api=4 insize=8597763 outsize=201 ok=1
Cmd: compileComputeKernel
  api=4 insize=8597763 outsize=201 ok=1
Cmd: compileComputeKernel
  api=4 insize=8597763 outsize=201 ok=1
Cmd: compileComputeKernel
  api=4 insize=8597763 outsize=201 ok=1
Cmd: compileComputeKernel
  api=4 insize=8597763 outsize=201 ok=1
Cmd: compileComputeKernel
  api=4 insize=8597763 outsize=201 ok=1
Cmd: compileComputeKernel
  api=4 insize=8597763 outsize=201 ok=1
Cmd: compileComputeKernel
  api=4 insize=8597763 outsize=201 ok=1
Cmd: compileComputeKernel
  api=4 insize=8597763 outsize=201 ok=1
Cmd: compileComputeKernel
  api=4 insize=8597763 outsize=201 ok=1
Cmd: compileComputeKernel
  api=4 insize=8597763 outsize=201 ok=1
Cmd: compileComputeKernel
  api=4 insize=8597763 outsize=201 ok=1
Cmd: compileComputeKernel
  api=4 insize=8597763 outsize=201 ok=1
Cmd: compileComputeKernel
  api=4 insize=8597763 outsize=201 ok=1
Cmd: compileComputeKernel
  api=4 insize=8597763 outsize=201 ok=1
Cmd: compileComputeKernel
  api=4 insize=8597763 outsize=201 ok=1
Cmd: compileComputeKernel
  api=4 insize=8597763 outsize=201 ok=1
Cmd: compileComputeKernel
  api=4 insize=8597763 outsize=201 ok=1
Cmd: compileComputeKernel
  api=4 insize=8597763 outsize=201 ok=1
Cmd: compileComputeKernel
  api=4 insize=8597763 outsize=201 ok=1
Cmd: compileComputeKernel
  api=4 insize=8597763 outsize=201 ok=1
Cmd: compileComputeKernel
  api=4 insize=8597763 outsize=201 ok=1
Cmd: compileComputeKernel
  api=4 insize=8597763 outsize=201 ok=1
Cmd: compileComputeKernel
  api=4 insize=8597763 outsize=10381 ok=1
Cmd: compileComputeKernel
  api=4 insize=8597763 outsize=201 ok=1
Cmd: compileComputeKernel
  api=4 insize=8597763 outsize=201 ok=1
Cmd: compileComputeKernel
  api=4 insize=8597763 outsize=22093 ok=1
Cmd: compileComputeKernel
  api=4 insize=8597763 outsize=201 ok=1
Cmd: compileComputeKernel
  api=4 insize=8597763 outsize=201 ok=1
Cmd: compileComputeKernel
  api=4 insize=8597763 outsize=22593 ok=1
Cmd: compileComputeKernel
  api=4 insize=8597763 outsize=11685 ok=1
Cmd: compileComputeKernel
  api=4 insize=8597763 outsize=22093 ok=1
Cmd: compileComputeKernel
  api=4 insize=8597763 outsize=201 ok=1
Cmd: compileComputeKernel
  api=4 insize=8597763 outsize=20517 ok=1
Cmd: compileComputeKernel
  api=4 insize=8597763 outsize=201 ok=1
Cmd: compileComputeKernel
  api=4 insize=8597763 outsize=8345 ok=1
Cmd: compileComputeKernel
  api=4 insize=8597763 outsize=201 ok=1
Cmd: compileComputeKernel
  api=4 insize=8597763 outsize=201 ok=1
Cmd: compileComputeKernel
  api=4 insize=8597763 outsize=201 ok=1
Cmd: compileComputeKernel
  api=4 insize=8597763 outsize=6925 ok=1
Cmd: compileComputeKernel
  api=4 insize=8597763 outsize=16889 ok=1
Cmd: compileComputeKernel
  api=4 insize=8597763 outsize=201 ok=1
Cmd: compileComputeKernel
  api=4 insize=8597763 outsize=201 ok=1
Cmd: compileComputeKernel
  api=4 insize=8597763 outsize=201 ok=1
Cmd: compileComputeKernel
  api=4 insize=8597763 outsize=201 ok=1
Cmd: compileComputeKernel
  api=4 insize=8597763 outsize=201 ok=1
Cmd: compileComputeKernel
  api=4 insize=8597763 outsize=201 ok=1
Cmd: compileComputeKernel
  api=4 insize=8597763 outsize=201 ok=1
Cmd: compileComputeKernel
  api=4 insize=8597763 outsize=201 ok=1
Cmd: compileComputeKernel
  api=4 insize=8597763 outsize=201 ok=1
Cmd: compileComputeKernel
  api=4 insize=8597763 outsize=22093 ok=1
Cmd: compileComputeKernel
  api=4 insize=8597763 outsize=201 ok=1
Cmd: compileComputeKernel
  api=4 insize=8597763 outsize=201 ok=1
Cmd: compileComputeKernel
  api=4 insize=8597763 outsize=22145 ok=1
Cmd: compileComputeKernel
  api=4 insize=8597763 outsize=201 ok=1
Cmd: compileComputeKernel
  api=4 insize=8597763 outsize=201 ok=1
Cmd: compileComputeKernel
  api=4 insize=8597763 outsize=201 ok=1
Cmd: compileComputeKernel
  api=4 insize=8597763 outsize=201 ok=1
Cmd: compileComputeKernel
  api=4 insize=8597763 outsize=201 ok=1
Cmd: compileComputeKernel
  api=4 insize=8597763 outsize=201 ok=1
Cmd: compileComputeKernel
  api=4 insize=8597763 outsize=201 ok=1
Cmd: compileComputeKernel
  api=4 insize=8597763 outsize=201 ok=1
Cmd: compileComputeKernel
  api=4 insize=8597763 outsize=201 ok=1
Cmd: compileComputeKernel
  api=4 insize=8597763 outsize=201 ok=1
Cmd: compileComputeKernel
  api=4 insize=8597763 outsize=201 ok=1
Cmd: compileComputeKernel
  api=4 insize=8597763 outsize=201 ok=1
Cmd: compileComputeKernel
  api=4 insize=8597763 outsize=201 ok=1
Cmd: compileComputeKernel
  api=4 insize=8597763 outsize=201 ok=1
Cmd: compileComputeKernel
  api=4 insize=8597763 outsize=201 ok=1
Cmd: compileComputeKernel
  api=4 insize=8597763 outsize=201 ok=1
Cmd: compileComputeKernel
  api=4 insize=8597763 outsize=201 ok=1
Cmd: compileComputeKernel
  api=4 insize=8597763 outsize=201 ok=1
Cmd: compileComputeKernel
  api=4 insize=8597763 outsize=201 ok=1
Cmd: compileComputeKernel
  api=4 insize=8597763 outsize=201 ok=1
Cmd: compileComputeKernel
  api=4 insize=8597763 outsize=201 ok=1
Cmd: compileComputeKernel
  api=4 insize=8597763 outsize=201 ok=1
Cmd: compileComputeKernel
  api=4 insize=8597763 outsize=201 ok=1
Cmd: compileComputeKernel
  api=4 insize=8597763 outsize=201 ok=1
Cmd: compileComputeKernel
  api=4 insize=8597763 outsize=201 ok=1
Cmd: compileComputeKernel
  api=4 insize=8597763 outsize=201 ok=1
Cmd: compileComputeKernel
  api=4 insize=8597763 outsize=201 ok=1
Cmd: compileComputeKernel
  api=4 insize=8597763 outsize=201 ok=1
Cmd: compileComputeKernel
  api=4 insize=8597763 outsize=201 ok=1
Cmd: compileComputeKernel
  api=4 insize=8597763 outsize=201 ok=1
Cmd: compileComputeKernel
  api=4 insize=8597763 outsize=201 ok=1
Cmd: compileComputeKernel
  api=4 insize=8597763 outsize=201 ok=1
Cmd: compileComputeKernel
  api=4 insize=8597763 outsize=201 ok=1
Cmd: compileComputeKernel
  api=4 insize=8597763 outsize=201 ok=1
Cmd: compileComputeKernel
  api=4 insize=8597763 outsize=201 ok=1
Cmd: compileComputeKernel
  api=4 insize=8597763 outsize=201 ok=1
Cmd: compileComputeKernel
  api=4 insize=8597763 outsize=201 ok=1
Cmd: compileComputeKernel
  api=4 insize=8597763 outsize=201 ok=1
Cmd: compileComputeKernel
  api=4 insize=8597763 outsize=201 ok=1
Cmd: compileComputeKernel
  api=4 insize=8597763 outsize=201 ok=1
Cmd: compileComputeKernel
  api=4 insize=8597763 outsize=201 ok=1
Cmd: compileComputeKernel
  api=4 insize=8597763 outsize=201 ok=1
Cmd: compileComputeKernel
  api=4 insize=8597763 outsize=201 ok=1
Cmd: compileComputeKernel
  api=4 insize=8597763 outsize=201 ok=1
Cmd: compileComputeKernel
  api=4 insize=8597763 outsize=201 ok=1
Cmd: compileComputeKernel
  api=4 insize=8597763 outsize=201 ok=1
Cmd: compileComputeKernel
  api=4 insize=8597763 outsize=201 ok=1
Cmd: compileComputeKernel
  api=4 insize=8597763 outsize=201 ok=1
Cmd: compileComputeKernel
  api=4 insize=8597763 outsize=201 ok=1
Cmd: compileComputeKernel
  api=4 insize=8597763 outsize=201 ok=1
Cmd: compileComputeKernel
  api=4 insize=8597763 outsize=201 ok=1
Cmd: compileComputeKernel
  api=4 insize=8597763 outsize=201 ok=1
Cmd: compileComputeKernel
  api=4 insize=8597763 outsize=201 ok=1
Cmd: compileComputeKernel
  api=4 insize=8597763 outsize=201 ok=1
Cmd: compileComputeKernel
  api=4 insize=8597763 outsize=201 ok=1
Cmd: compileComputeKernel
  api=4 insize=8597763 outsize=201 ok=1
Cmd: compileComputeKernel
  api=4 insize=8597763 outsize=201 ok=1
Cmd: compileComputeKernel
  api=4 insize=8597763 outsize=201 ok=1
Cmd: compileComputeKernel
  api=4 insize=8597763 outsize=201 ok=1
Cmd: compileComputeKernel
  api=4 insize=8597763 outsize=201 ok=1
Cmd: compileComputeKernel
  api=4 insize=8597763 outsize=201 ok=1
Cmd: compileComputeKernel
  api=4 insize=8597763 outsize=201 ok=1
Cmd: compileComputeKernel
  api=4 insize=8597763 outsize=201 ok=1
Cmd: compileComputeKernel
  api=4 insize=8597763 outsize=201 ok=1
Cmd: compileComputeKernel
  api=4 insize=8597763 outsize=201 ok=1
Cmd: compileComputeKernel
  api=4 insize=8597763 outsize=201 ok=1
Cmd: compileComputeKernel
  api=4 insize=8597763 outsize=201 ok=1
Cmd: compileComputeKernel
  api=4 insize=8597763 outsize=201 ok=1
Cmd: compileComputeKernel
  api=4 insize=8597763 outsize=201 ok=1
Cmd: compileComputeKernel
  api=4 insize=8597763 outsize=11813 ok=1
Cmd: compileComputeKernel
  api=4 insize=8597763 outsize=201 ok=1
Cmd: compileComputeKernel
  api=4 insize=8597763 outsize=9217 ok=1
Cmd: compileComputeKernel
  api=4 insize=8597763 outsize=12149 ok=1
Cmd: compileComputeKernel
  api=4 insize=8597763 outsize=201 ok=1
Cmd: compileComputeKernel
  api=4 insize=8597763 outsize=201 ok=1
Cmd: compileComputeKernel
  api=4 insize=8597763 outsize=17905 ok=1
Cmd: compileComputeKernel
  api=4 insize=8597763 outsize=201 ok=1
Cmd: compileComputeKernel
  api=4 insize=8597763 outsize=201 ok=1
Cmd: compileComputeKernel
  api=4 insize=8597763 outsize=201 ok=1
Cmd: compileComputeKernel
  api=4 insize=8597763 outsize=201 ok=1
Cmd: compileComputeKernel
  api=4 insize=8597763 outsize=201 ok=1
Cmd: compileComputeKernel
  api=4 insize=8597763 outsize=201 ok=1
Cmd: compileComputeKernel
  api=4 insize=8597763 outsize=10149 ok=1
Cmd: compileComputeKernel
  api=4 insize=8597763 outsize=20729 ok=1
Cmd: compileComputeKernel
  api=4 insize=8597763 outsize=201 ok=1
Cmd: compileComputeKernel
  api=4 insize=8597763 outsize=20437 ok=1
Cmd: compileComputeKernel
  api=4 insize=8597763 outsize=201 ok=1
Cmd: compileComputeKernel
  api=4 insize=8597763 outsize=201 ok=1
Cmd: compileComputeKernel
  api=4 insize=8597763 outsize=14981 ok=1
Cmd: compileComputeKernel
  api=4 insize=8597763 outsize=201 ok=1
Cmd: compileComputeKernel
  api=4 insize=8597763 outsize=201 ok=1
Cmd: compileComputeKernel
  api=4 insize=8597763 outsize=201 ok=1
Cmd: compileComputeKernel
  api=4 insize=8597763 outsize=201 ok=1
Cmd: compileComputeKernel
  api=4 insize=8597763 outsize=201 ok=1
Cmd: compileComputeKernel
  api=4 insize=8597763 outsize=201 ok=1
Cmd: compileComputeKernel
  api=4 insize=8597763 outsize=201 ok=1
Cmd: compileComputeKernel
  api=4 insize=8597763 outsize=201 ok=1
Cmd: compileComputeKernel
  api=4 insize=8597763 outsize=201 ok=1
Cmd: compileComputeKernel
  api=4 insize=8597763 outsize=201 ok=1
Cmd: compileComputeKernel
  api=4 insize=8597763 outsize=201 ok=1
Cmd: compileComputeKernel
  api=4 insize=8597763 outsize=8153 ok=1
Cmd: compileComputeKernel
  api=4 insize=8597763 outsize=12149 ok=1
Cmd: compileComputeKernel
  api=4 insize=8597763 outsize=201 ok=1
Cmd: compileComputeKernel
  api=4 insize=8597763 outsize=201 ok=1
Cmd: compileComputeKernel
  api=4 insize=8597763 outsize=201 ok=1
Cmd: compileComputeKernel
  api=4 insize=8597763 outsize=18109 ok=1
Cmd: compileComputeKernel
  api=4 insize=8597763 outsize=201 ok=1
Cmd: compileComputeKernel
  api=4 insize=8597763 outsize=201 ok=1
Cmd: compileComputeKernel
  api=4 insize=8597763 outsize=201 ok=1
Cmd: compileComputeKernel
  api=4 insize=8597763 outsize=201 ok=1
Cmd: compileComputeKernel
  api=4 insize=8597763 outsize=201 ok=1
Cmd: compileComputeKernel
  api=4 insize=8597763 outsize=201 ok=1
Cmd: compileComputeKernel
  api=4 insize=8597763 outsize=201 ok=1
Cmd: compileComputeKernel
  api=4 insize=8597763 outsize=201 ok=1
Cmd: compileComputeKernel
  api=4 insize=8597763 outsize=201 ok=1
Cmd: compileComputeKernel
  api=4 insize=8597763 outsize=201 ok=1
Cmd: compileComputeKernel
  api=4 insize=8597763 outsize=201 ok=1
Cmd: compileComputeKernel
  api=4 insize=8597763 outsize=201 ok=1
Cmd: compileComputeKernel
  api=4 insize=8597763 outsize=201 ok=1
Cmd: compileComputeKernel
  api=4 insize=8597763 outsize=201 ok=1
Cmd: compileComputeKernel
  api=4 insize=8597763 outsize=201 ok=1
Cmd: compileComputeKernel
  api=4 insize=8597763 outsize=201 ok=1
Cmd: compileComputeKernel
  api=4 insize=8597763 outsize=201 ok=1
Cmd: compileComputeKernel
  api=4 insize=8597763 outsize=201 ok=1
Cmd: compileComputeKernel
  api=4 insize=8597763 outsize=201 ok=1
Cmd: compileComputeKernel
  api=4 insize=8597763 outsize=201 ok=1
Cmd: compileComputeKernel
  api=4 insize=8597763 outsize=14957 ok=1
Cmd: compileComputeKernel
  api=4 insize=8597763 outsize=6737 ok=1
Cmd: compileComputeKernel
  api=4 insize=8597763 outsize=19021 ok=1
Cmd: compileComputeKernel
  api=4 insize=8597763 outsize=201 ok=1
Cmd: compileComputeKernel
  api=4 insize=8597763 outsize=201 ok=1
Cmd: compileComputeKernel
  api=4 insize=8597763 outsize=201 ok=1
Cmd: compileComputeKernel
  api=4 insize=8597763 outsize=201 ok=1
Cmd: compileComputeKernel
  api=4 insize=8597763 outsize=201 ok=1
Cmd: compileComputeKernel
  api=4 insize=8597763 outsize=201 ok=1
Cmd: compileComputeKernel
  api=4 insize=8597763 outsize=3341 ok=1
Cmd: compileComputeKernel
  api=4 insize=8597763 outsize=201 ok=1
Cmd: compileComputeKernel
  api=4 insize=8597763 outsize=21337 ok=1
Cmd: compileComputeKernel
  api=4 insize=8597763 outsize=201 ok=1
Cmd: compileComputeKernel
  api=4 insize=8597763 outsize=19761 ok=1
Cmd: compileComputeKernel
  api=4 insize=8597763 outsize=201 ok=1
Cmd: compileComputeKernel
  api=4 insize=8597763 outsize=7781 ok=1
Cmd: compileComputeKernel
  api=4 insize=8597763 outsize=201 ok=1
Cmd: compileComputeKernel
  api=4 insize=8597763 outsize=201 ok=1
Cmd: compileComputeKernel
  api=4 insize=8597763 outsize=201 ok=1
Cmd: compileComputeKernel
  api=4 insize=8597763 outsize=9181 ok=1
Cmd: compileComputeKernel
  api=4 insize=8597763 outsize=201 ok=1
Cmd: compileComputeKernel
  api=4 insize=8597763 outsize=201 ok=1
Cmd: compileComputeKernel
  api=4 insize=8597763 outsize=201 ok=1
Cmd: compileComputeKernel
  api=4 insize=8597763 outsize=201 ok=1
Cmd: compileComputeKernel
  api=4 insize=8597763 outsize=201 ok=1
Cmd: compileComputeKernel
  api=4 insize=8597763 outsize=201 ok=1
Cmd: compileComputeKernel
  api=4 insize=8597763 outsize=201 ok=1
Cmd: compileComputeKernel
  api=4 insize=8597763 outsize=201 ok=1
Cmd: compileComputeKernel
Unhandled exception: Failed reading data from socket

Quitting shader compiler process
