Base path: C:/Program Files/Unity/Hub/Editor/2018.3.11f1/Editor/Data
Cmd: initializeCompiler
Cmd: compileComputeKernel
  api=4 insize=8597763 outsize=201 ok=1
Cmd: compileComputeKernel
  api=4 insize=8597763 outsize=201 ok=1
Cmd: compileComputeKernel
  api=4 insize=8597763 outsize=201 ok=1
Cmd: compileComputeKernel
  api=4 insize=8597763 outsize=201 ok=1
Cmd: compileComputeKernel
  api=4 insize=8597763 outsize=201 ok=1
Cmd: compileComputeKernel
  api=4 insize=8597763 outsize=201 ok=1
Cmd: compileComputeKernel
  api=4 insize=8597763 outsize=7137 ok=1
Cmd: compileComputeKernel
  api=4 insize=8597763 outsize=10089 ok=1
Cmd: compileComputeKernel
  api=4 insize=8597763 outsize=201 ok=1
Cmd: compileComputeKernel
  api=4 insize=8597763 outsize=201 ok=1
Cmd: compileComputeKernel
  api=4 insize=8597763 outsize=201 ok=1
Cmd: compileComputeKernel
  api=4 insize=8597763 outsize=201 ok=1
Cmd: compileComputeKernel
  api=4 insize=8597763 outsize=201 ok=1
Cmd: compileComputeKernel
  api=4 insize=8597763 outsize=201 ok=1
Cmd: compileComputeKernel
  api=4 insize=8597763 outsize=201 ok=1
Cmd: compileComputeKernel
  api=4 insize=8597763 outsize=18809 ok=1
Cmd: compileComputeKernel
  api=4 insize=8597763 outsize=201 ok=1
Cmd: compileComputeKernel
  api=4 insize=8597763 outsize=201 ok=1
Cmd: compileComputeKernel
  api=4 insize=8597763 outsize=201 ok=1
Cmd: compileComputeKernel
  api=4 insize=8597763 outsize=14825 ok=1
Cmd: compileComputeKernel
  api=4 insize=8597763 outsize=201 ok=1
Cmd: compileComputeKernel
  api=4 insize=8597763 outsize=201 ok=1
Cmd: compileComputeKernel
  api=4 insize=8597763 outsize=20417 ok=1
Cmd: compileComputeKernel
  api=4 insize=8597763 outsize=201 ok=1
Cmd: compileComputeKernel
  api=4 insize=8597763 outsize=201 ok=1
Cmd: compileComputeKernel
  api=4 insize=8597763 outsize=201 ok=1
Cmd: compileComputeKernel
  api=4 insize=8597763 outsize=201 ok=1
Cmd: compileComputeKernel
  api=4 insize=8597763 outsize=201 ok=1
Cmd: compileComputeKernel
  api=4 insize=8597763 outsize=201 ok=1
Cmd: compileComputeKernel
  api=4 insize=8597763 outsize=201 ok=1
Cmd: compileComputeKernel
  api=4 insize=8597763 outsize=201 ok=1
Cmd: compileComputeKernel
  api=4 insize=8597763 outsize=201 ok=1
Cmd: compileComputeKernel
  api=4 insize=8597763 outsize=201 ok=1
Cmd: compileComputeKernel
  api=4 insize=8597763 outsize=201 ok=1
Cmd: compileComputeKernel
  api=4 insize=8597763 outsize=201 ok=1
Cmd: compileComputeKernel
  api=4 insize=8597763 outsize=201 ok=1
Cmd: compileComputeKernel
  api=4 insize=8597763 outsize=201 ok=1
Cmd: compileComputeKernel
  api=4 insize=8597763 outsize=201 ok=1
Cmd: compileComputeKernel
  api=4 insize=8597763 outsize=201 ok=1
Cmd: compileComputeKernel
  api=4 insize=8597763 outsize=9493 ok=1
Cmd: compileComputeKernel
  api=4 insize=8597763 outsize=201 ok=1
Cmd: compileComputeKernel
  api=4 insize=8597763 outsize=201 ok=1
Cmd: compileComputeKernel
  api=4 insize=8597763 outsize=201 ok=1
Cmd: compileComputeKernel
  api=4 insize=8597763 outsize=201 ok=1
Cmd: compileComputeKernel
  api=4 insize=8597763 outsize=9741 ok=1
Cmd: compileComputeKernel
  api=4 insize=8597763 outsize=12501 ok=1
Cmd: compileComputeKernel
  api=4 insize=8597763 outsize=201 ok=1
Cmd: compileComputeKernel
  api=4 insize=8597763 outsize=201 ok=1
Cmd: compileComputeKernel
  api=4 insize=8597763 outsize=201 ok=1
Cmd: compileComputeKernel
  api=4 insize=8597763 outsize=201 ok=1
Cmd: compileComputeKernel
  api=4 insize=8597763 outsize=201 ok=1
Cmd: compileComputeKernel
  api=4 insize=8597763 outsize=201 ok=1
Cmd: compileComputeKernel
  api=4 insize=8597763 outsize=201 ok=1
Cmd: compileComputeKernel
  api=4 insize=8597763 outsize=201 ok=1
Cmd: compileComputeKernel
  api=4 insize=8597763 outsize=201 ok=1
Cmd: compileComputeKernel
  api=4 insize=8597763 outsize=201 ok=1
Cmd: compileComputeKernel
  api=4 insize=8597763 outsize=201 ok=1
Cmd: compileComputeKernel
  api=4 insize=8597763 outsize=201 ok=1
Cmd: compileComputeKernel
  api=4 insize=8597763 outsize=201 ok=1
Cmd: compileComputeKernel
  api=4 insize=8597763 outsize=201 ok=1
Cmd: compileComputeKernel
  api=4 insize=8597763 outsize=201 ok=1
Cmd: compileComputeKernel
  api=4 insize=8597763 outsize=201 ok=1
Cmd: compileComputeKernel
  api=4 insize=8597763 outsize=201 ok=1
Cmd: compileComputeKernel
  api=4 insize=8597763 outsize=201 ok=1
Cmd: compileComputeKernel
  api=4 insize=8597763 outsize=201 ok=1
Cmd: compileComputeKernel
  api=4 insize=8597763 outsize=201 ok=1
Cmd: compileComputeKernel
  api=4 insize=8597763 outsize=201 ok=1
Cmd: compileComputeKernel
  api=4 insize=8597763 outsize=201 ok=1
Cmd: compileComputeKernel
  api=4 insize=8597763 outsize=201 ok=1
Cmd: compileComputeKernel
  api=4 insize=8597763 outsize=201 ok=1
Cmd: compileComputeKernel
  api=4 insize=8597763 outsize=201 ok=1
Cmd: compileComputeKernel
  api=4 insize=8597763 outsize=201 ok=1
Cmd: compileComputeKernel
  api=4 insize=8597763 outsize=201 ok=1
Cmd: compileComputeKernel
  api=4 insize=8597763 outsize=201 ok=1
Cmd: compileComputeKernel
  api=4 insize=8597763 outsize=201 ok=1
Cmd: compileComputeKernel
  api=4 insize=8597763 outsize=201 ok=1
Cmd: compileComputeKernel
  api=4 insize=8597763 outsize=201 ok=1
Cmd: compileComputeKernel
  api=4 insize=8597763 outsize=201 ok=1
Cmd: compileComputeKernel
  api=4 insize=8597763 outsize=201 ok=1
Cmd: compileComputeKernel
  api=4 insize=8597763 outsize=201 ok=1
Cmd: compileComputeKernel
  api=4 insize=8597763 outsize=201 ok=1
Cmd: compileComputeKernel
  api=4 insize=8597763 outsize=201 ok=1
Cmd: compileComputeKernel
  api=4 insize=8597763 outsize=201 ok=1
Cmd: compileComputeKernel
  api=4 insize=8597763 outsize=201 ok=1
Cmd: compileComputeKernel
  api=4 insize=8597763 outsize=201 ok=1
Cmd: compileComputeKernel
  api=4 insize=8597763 outsize=201 ok=1
Cmd: compileComputeKernel
  api=4 insize=8597763 outsize=8345 ok=1
Cmd: compileComputeKernel
  api=4 insize=8597763 outsize=201 ok=1
Cmd: compileComputeKernel
  api=4 insize=8597763 outsize=14445 ok=1
Cmd: compileComputeKernel
  api=4 insize=8597763 outsize=201 ok=1
Cmd: compileComputeKernel
  api=4 insize=8597763 outsize=201 ok=1
Cmd: compileComputeKernel
  api=4 insize=8597763 outsize=201 ok=1
Cmd: compileComputeKernel
  api=4 insize=8597763 outsize=8941 ok=1
Cmd: compileComputeKernel
  api=4 insize=8597763 outsize=11701 ok=1
Cmd: compileComputeKernel
  api=4 insize=8597763 outsize=201 ok=1
Cmd: compileComputeKernel
  api=4 insize=8597763 outsize=201 ok=1
Cmd: compileComputeKernel
  api=4 insize=8597763 outsize=201 ok=1
Cmd: compileComputeKernel
  api=4 insize=8597763 outsize=201 ok=1
Cmd: compileComputeKernel
  api=4 insize=8597763 outsize=201 ok=1
Cmd: compileComputeKernel
  api=4 insize=8597763 outsize=201 ok=1
Cmd: compileComputeKernel
  api=4 insize=8597763 outsize=14253 ok=1
Cmd: compileComputeKernel
  api=4 insize=8597763 outsize=201 ok=1
Cmd: compileComputeKernel
  api=4 insize=8597763 outsize=201 ok=1
Cmd: compileComputeKernel
  api=4 insize=8597763 outsize=8233 ok=1
Cmd: compileComputeKernel
  api=4 insize=8597763 outsize=201 ok=1
Cmd: compileComputeKernel
  api=4 insize=8597763 outsize=201 ok=1
Cmd: compileComputeKernel
  api=4 insize=8597763 outsize=201 ok=1
Cmd: compileComputeKernel
  api=4 insize=8597763 outsize=201 ok=1
Cmd: compileComputeKernel
  api=4 insize=8597763 outsize=201 ok=1
Cmd: compileComputeKernel
  api=4 insize=8597763 outsize=201 ok=1
Cmd: compileComputeKernel
  api=4 insize=8597763 outsize=11493 ok=1
Cmd: compileComputeKernel
  api=4 insize=8597763 outsize=201 ok=1
Cmd: compileComputeKernel
  api=4 insize=8597763 outsize=201 ok=1
Cmd: compileComputeKernel
  api=4 insize=8597763 outsize=201 ok=1
Cmd: compileComputeKernel
  api=4 insize=8597763 outsize=201 ok=1
Cmd: compileComputeKernel
  api=4 insize=8597763 outsize=201 ok=1
Cmd: compileComputeKernel
  api=4 insize=8597763 outsize=10981 ok=1
Cmd: compileComputeKernel
  api=4 insize=8597763 outsize=22317 ok=1
Cmd: compileComputeKernel
  api=4 insize=8597763 outsize=201 ok=1
Cmd: compileComputeKernel
  api=4 insize=8597763 outsize=201 ok=1
Cmd: compileComputeKernel
  api=4 insize=8597763 outsize=201 ok=1
Cmd: compileComputeKernel
  api=4 insize=8597763 outsize=201 ok=1
Cmd: compileComputeKernel
  api=4 insize=8597763 outsize=201 ok=1
Cmd: compileComputeKernel
  api=4 insize=8597763 outsize=201 ok=1
Cmd: compileComputeKernel
  api=4 insize=8597763 outsize=201 ok=1
Cmd: compileComputeKernel
  api=4 insize=8597763 outsize=201 ok=1
Cmd: compileComputeKernel
  api=4 insize=8597763 outsize=201 ok=1
Cmd: compileComputeKernel
  api=4 insize=8597763 outsize=201 ok=1
Cmd: compileComputeKernel
  api=4 insize=8597763 outsize=201 ok=1
Cmd: compileComputeKernel
  api=4 insize=8597763 outsize=201 ok=1
Cmd: compileComputeKernel
  api=4 insize=8597763 outsize=201 ok=1
Cmd: compileComputeKernel
  api=4 insize=8597763 outsize=201 ok=1
Cmd: compileComputeKernel
  api=4 insize=8597763 outsize=7493 ok=1
Cmd: compileComputeKernel
  api=4 insize=8597763 outsize=19585 ok=1
Cmd: compileComputeKernel
  api=4 insize=8597763 outsize=201 ok=1
Cmd: compileComputeKernel
  api=4 insize=8597763 outsize=201 ok=1
Cmd: compileComputeKernel
  api=4 insize=8597763 outsize=201 ok=1
Cmd: compileComputeKernel
  api=4 insize=8597763 outsize=14689 ok=1
Cmd: compileComputeKernel
  api=4 insize=8597763 outsize=201 ok=1
Cmd: compileComputeKernel
  api=4 insize=8597763 outsize=25193 ok=1
Cmd: compileComputeKernel
  api=4 insize=8597763 outsize=201 ok=1
Cmd: compileComputeKernel
  api=4 insize=8597763 outsize=201 ok=1
Cmd: compileComputeKernel
  api=4 insize=8597763 outsize=201 ok=1
Cmd: compileComputeKernel
  api=4 insize=8597763 outsize=201 ok=1
Cmd: compileComputeKernel
  api=4 insize=8597763 outsize=201 ok=1
Cmd: compileComputeKernel
  api=4 insize=8597763 outsize=201 ok=1
Cmd: compileComputeKernel
  api=4 insize=8597763 outsize=201 ok=1
Cmd: compileComputeKernel
  api=4 insize=8597763 outsize=201 ok=1
Cmd: compileComputeKernel
  api=4 insize=8597763 outsize=201 ok=1
Cmd: compileComputeKernel
  api=4 insize=8597763 outsize=201 ok=1
Cmd: compileComputeKernel
  api=4 insize=8597763 outsize=201 ok=1
Cmd: compileComputeKernel
  api=4 insize=8597763 outsize=201 ok=1
Cmd: compileComputeKernel
  api=4 insize=8597763 outsize=201 ok=1
Cmd: compileComputeKernel
  api=4 insize=8597763 outsize=201 ok=1
Cmd: compileComputeKernel
  api=4 insize=8597763 outsize=201 ok=1
Cmd: compileComputeKernel
  api=4 insize=8597763 outsize=201 ok=1
Cmd: compileComputeKernel
  api=4 insize=8597763 outsize=201 ok=1
Cmd: compileComputeKernel
  api=4 insize=8597763 outsize=201 ok=1
Cmd: compileComputeKernel
  api=4 insize=8597763 outsize=201 ok=1
Cmd: compileComputeKernel
  api=4 insize=8597763 outsize=201 ok=1
Cmd: compileComputeKernel
  api=4 insize=8597763 outsize=201 ok=1
Cmd: compileComputeKernel
  api=4 insize=8597763 outsize=201 ok=1
Cmd: compileComputeKernel
  api=4 insize=8597763 outsize=201 ok=1
Cmd: compileComputeKernel
  api=4 insize=8597763 outsize=201 ok=1
Cmd: compileComputeKernel
  api=4 insize=8597763 outsize=201 ok=1
Cmd: compileComputeKernel
  api=4 insize=8597763 outsize=201 ok=1
Cmd: compileComputeKernel
  api=4 insize=8597763 outsize=201 ok=1
Cmd: compileComputeKernel
  api=4 insize=8597763 outsize=201 ok=1
Cmd: compileComputeKernel
  api=4 insize=8597763 outsize=201 ok=1
Cmd: compileComputeKernel
  api=4 insize=8597763 outsize=201 ok=1
Cmd: compileComputeKernel
  api=4 insize=8597763 outsize=201 ok=1
Cmd: compileComputeKernel
  api=4 insize=8597763 outsize=201 ok=1
Cmd: compileComputeKernel
  api=4 insize=8597763 outsize=201 ok=1
Cmd: compileComputeKernel
  api=4 insize=8597763 outsize=201 ok=1
Cmd: compileComputeKernel
  api=4 insize=8597763 outsize=201 ok=1
Cmd: compileComputeKernel
  api=4 insize=8597763 outsize=201 ok=1
Cmd: compileComputeKernel
  api=4 insize=8597763 outsize=201 ok=1
Cmd: compileComputeKernel
  api=4 insize=8597763 outsize=201 ok=1
Cmd: compileComputeKernel
  api=4 insize=8597763 outsize=201 ok=1
Cmd: compileComputeKernel
  api=4 insize=8597763 outsize=201 ok=1
Cmd: compileComputeKernel
  api=4 insize=8597763 outsize=201 ok=1
Cmd: compileComputeKernel
  api=4 insize=8597763 outsize=201 ok=1
Cmd: compileComputeKernel
  api=4 insize=8597763 outsize=201 ok=1
Cmd: compileComputeKernel
  api=4 insize=8597763 outsize=201 ok=1
Cmd: compileComputeKernel
  api=4 insize=8597763 outsize=201 ok=1
Cmd: compileComputeKernel
  api=4 insize=8597763 outsize=201 ok=1
Cmd: compileComputeKernel
  api=4 insize=8597763 outsize=201 ok=1
Cmd: compileComputeKernel
  api=4 insize=8597763 outsize=201 ok=1
Cmd: compileComputeKernel
  api=4 insize=8597763 outsize=201 ok=1
Cmd: compileComputeKernel
  api=4 insize=8597763 outsize=201 ok=1
Cmd: compileComputeKernel
  api=4 insize=8597763 outsize=201 ok=1
Cmd: compileComputeKernel
  api=4 insize=8597763 outsize=201 ok=1
Cmd: compileComputeKernel
  api=4 insize=8597763 outsize=201 ok=1
Cmd: compileComputeKernel
  api=4 insize=8597763 outsize=201 ok=1
Cmd: compileComputeKernel
  api=4 insize=8597763 outsize=201 ok=1
Cmd: compileComputeKernel
  api=4 insize=8597763 outsize=201 ok=1
Cmd: compileComputeKernel
  api=4 insize=8597763 outsize=201 ok=1
Cmd: compileComputeKernel
  api=4 insize=8597763 outsize=201 ok=1
Cmd: compileComputeKernel
  api=4 insize=8597763 outsize=201 ok=1
Cmd: compileComputeKernel
  api=4 insize=8597763 outsize=201 ok=1
Cmd: compileComputeKernel
  api=4 insize=8597763 outsize=201 ok=1
Cmd: compileComputeKernel
  api=4 insize=8597763 outsize=201 ok=1
Cmd: compileComputeKernel
  api=4 insize=8597763 outsize=201 ok=1
Cmd: compileComputeKernel
  api=4 insize=8597763 outsize=201 ok=1
Cmd: compileComputeKernel
  api=4 insize=8597763 outsize=201 ok=1
Cmd: compileComputeKernel
  api=4 insize=8597763 outsize=201 ok=1
Cmd: compileComputeKernel
  api=4 insize=8597763 outsize=201 ok=1
Cmd: compileComputeKernel
  api=4 insize=8597763 outsize=201 ok=1
Cmd: compileComputeKernel
  api=4 insize=8597763 outsize=201 ok=1
Cmd: compileComputeKernel
  api=4 insize=8597763 outsize=201 ok=1
Cmd: compileComputeKernel
  api=4 insize=8597763 outsize=201 ok=1
Cmd: compileComputeKernel
  api=4 insize=8597763 outsize=201 ok=1
Cmd: compileComputeKernel
  api=4 insize=8597763 outsize=201 ok=1
Cmd: compileComputeKernel
  api=4 insize=8597763 outsize=201 ok=1
Cmd: compileComputeKernel
  api=4 insize=8597763 outsize=201 ok=1
Cmd: compileComputeKernel
  api=4 insize=8597763 outsize=201 ok=1
Cmd: compileComputeKernel
  api=4 insize=8597763 outsize=201 ok=1
Cmd: compileComputeKernel
  api=4 insize=8597763 outsize=201 ok=1
Cmd: compileComputeKernel
  api=4 insize=8597763 outsize=201 ok=1
Cmd: compileComputeKernel
  api=4 insize=8597763 outsize=201 ok=1
Cmd: compileComputeKernel
  api=4 insize=8597763 outsize=201 ok=1
Cmd: compileComputeKernel
  api=4 insize=8597763 outsize=201 ok=1
Cmd: compileComputeKernel
  api=4 insize=8597763 outsize=201 ok=1
Cmd: compileComputeKernel
  api=4 insize=8597763 outsize=201 ok=1
Cmd: compileComputeKernel
  api=4 insize=8597763 outsize=201 ok=1
Cmd: compileComputeKernel
  api=4 insize=8597763 outsize=201 ok=1
Cmd: compileComputeKernel
  api=4 insize=8597763 outsize=201 ok=1
Cmd: compileComputeKernel
  api=4 insize=8597763 outsize=201 ok=1
Cmd: compileComputeKernel
  api=4 insize=8597763 outsize=201 ok=1
Cmd: compileComputeKernel
  api=4 insize=8597763 outsize=201 ok=1
Cmd: compileComputeKernel
  api=4 insize=8597763 outsize=201 ok=1
Cmd: compileComputeKernel
  api=4 insize=8597763 outsize=201 ok=1
Cmd: compileComputeKernel
  api=4 insize=8597763 outsize=201 ok=1
Cmd: compileComputeKernel
  api=4 insize=8597763 outsize=201 ok=1
Cmd: compileComputeKernel
  api=4 insize=8597763 outsize=201 ok=1
Cmd: compileComputeKernel
  api=4 insize=8597763 outsize=201 ok=1
Cmd: compileComputeKernel
  api=4 insize=8597763 outsize=201 ok=1
Cmd: compileComputeKernel
  api=4 insize=8597763 outsize=201 ok=1
Cmd: compileComputeKernel
  api=4 insize=8597763 outsize=201 ok=1
Cmd: compileComputeKernel
  api=4 insize=8597763 outsize=201 ok=1
Cmd: compileComputeKernel
  api=4 insize=8597763 outsize=201 ok=1
Cmd: compileComputeKernel
  api=4 insize=8597763 outsize=201 ok=1
Cmd: compileComputeKernel
  api=4 insize=8597763 outsize=201 ok=1
Cmd: compileComputeKernel
  api=4 insize=8597763 outsize=201 ok=1
Cmd: compileComputeKernel
  api=4 insize=8597763 outsize=201 ok=1
Cmd: compileComputeKernel
  api=4 insize=8597763 outsize=201 ok=1
Cmd: compileComputeKernel
  api=4 insize=8597763 outsize=201 ok=1
Cmd: compileComputeKernel
  api=4 insize=8597763 outsize=201 ok=1
Cmd: compileComputeKernel
  api=4 insize=8597763 outsize=201 ok=1
Cmd: compileComputeKernel
  api=4 insize=8597763 outsize=201 ok=1
Cmd: compileComputeKernel
  api=4 insize=8597763 outsize=201 ok=1
Cmd: compileComputeKernel
  api=4 insize=8597763 outsize=201 ok=1
Cmd: compileComputeKernel
  api=4 insize=8597763 outsize=201 ok=1
Cmd: compileComputeKernel
  api=4 insize=8597763 outsize=201 ok=1
Cmd: compileComputeKernel
  api=4 insize=8597763 outsize=201 ok=1
Cmd: compileComputeKernel
  api=4 insize=8597763 outsize=201 ok=1
Cmd: compileComputeKernel
  api=4 insize=8597763 outsize=201 ok=1
Cmd: compileComputeKernel
  api=4 insize=8597763 outsize=201 ok=1
Cmd: compileComputeKernel
  api=4 insize=8597763 outsize=201 ok=1
Cmd: compileComputeKernel
  api=4 insize=8597763 outsize=201 ok=1
Cmd: compileComputeKernel
  api=4 insize=8597763 outsize=201 ok=1
Cmd: compileComputeKernel
  api=4 insize=8597763 outsize=7437 ok=1
Cmd: compileComputeKernel
  api=4 insize=8597763 outsize=201 ok=1
Cmd: compileComputeKernel
  api=4 insize=8597763 outsize=19169 ok=1
Cmd: compileComputeKernel
  api=4 insize=8597763 outsize=11957 ok=1
Cmd: compileComputeKernel
  api=4 insize=8597763 outsize=201 ok=1
Cmd: compileComputeKernel
  api=4 insize=8597763 outsize=201 ok=1
Cmd: compileComputeKernel
  api=4 insize=8597763 outsize=201 ok=1
Cmd: compileComputeKernel
  api=4 insize=8597763 outsize=9813 ok=1
Cmd: compileComputeKernel
  api=4 insize=8597763 outsize=201 ok=1
Cmd: compileComputeKernel
  api=4 insize=8597763 outsize=15701 ok=1
Cmd: compileComputeKernel
  api=4 insize=8597763 outsize=201 ok=1
Cmd: compileComputeKernel
  api=4 insize=8597763 outsize=201 ok=1
Cmd: compileComputeKernel
  api=4 insize=8597763 outsize=201 ok=1
Cmd: compileComputeKernel
  api=4 insize=8597763 outsize=17213 ok=1
Cmd: compileComputeKernel
  api=4 insize=8597763 outsize=23137 ok=1
Cmd: compileComputeKernel
  api=4 insize=8597763 outsize=201 ok=1
Cmd: compileComputeKernel
  api=4 insize=8597763 outsize=201 ok=1
Cmd: compileComputeKernel
  api=4 insize=8597763 outsize=201 ok=1
Cmd: compileComputeKernel
  api=4 insize=8597763 outsize=13081 ok=1
Cmd: compileComputeKernel
  api=4 insize=8597763 outsize=201 ok=1
Cmd: compileComputeKernel
  api=4 insize=8597763 outsize=201 ok=1
Cmd: compileComputeKernel
  api=4 insize=8597763 outsize=201 ok=1
Cmd: compileComputeKernel
  api=4 insize=8597763 outsize=201 ok=1
Cmd: compileComputeKernel
  api=4 insize=8597763 outsize=201 ok=1
Cmd: compileComputeKernel
  api=4 insize=8597763 outsize=201 ok=1
Cmd: compileComputeKernel
  api=4 insize=8597763 outsize=201 ok=1
Cmd: compileComputeKernel
  api=4 insize=8597763 outsize=201 ok=1
Cmd: compileComputeKernel
  api=4 insize=8597763 outsize=201 ok=1
Cmd: compileComputeKernel
  api=4 insize=8597763 outsize=11853 ok=1
Cmd: compileComputeKernel
  api=4 insize=8597763 outsize=14593 ok=1
Cmd: compileComputeKernel
  api=4 insize=8597763 outsize=201 ok=1
Cmd: compileComputeKernel
  api=4 insize=8597763 outsize=201 ok=1
Cmd: compileComputeKernel
  api=4 insize=8597763 outsize=201 ok=1
Cmd: compileComputeKernel
  api=4 insize=8597763 outsize=201 ok=1
Cmd: compileComputeKernel
  api=4 insize=8597763 outsize=201 ok=1
Cmd: compileComputeKernel
  api=4 insize=8597763 outsize=201 ok=1
Cmd: compileComputeKernel
  api=4 insize=8597763 outsize=201 ok=1
Cmd: compileComputeKernel
  api=4 insize=8597763 outsize=201 ok=1
Cmd: compileComputeKernel
  api=4 insize=8597763 outsize=201 ok=1
Cmd: compileComputeKernel
  api=4 insize=8597763 outsize=201 ok=1
Cmd: compileComputeKernel
  api=4 insize=8597763 outsize=201 ok=1
Cmd: compileComputeKernel
  api=4 insize=8597763 outsize=201 ok=1
Cmd: compileComputeKernel
  api=4 insize=8597763 outsize=201 ok=1
Cmd: compileComputeKernel
  api=4 insize=8597763 outsize=201 ok=1
Cmd: compileComputeKernel
  api=4 insize=8597763 outsize=201 ok=1
Cmd: compileComputeKernel
  api=4 insize=8597763 outsize=4969 ok=1
Cmd: compileComputeKernel
  api=4 insize=8597763 outsize=201 ok=1
Cmd: compileComputeKernel
  api=4 insize=8597763 outsize=201 ok=1
Cmd: compileComputeKernel
  api=4 insize=8597763 outsize=19797 ok=1
Cmd: compileComputeKernel
  api=4 insize=8597763 outsize=201 ok=1
Cmd: compileComputeKernel
  api=4 insize=8597763 outsize=12225 ok=1
Cmd: compileComputeKernel
  api=4 insize=8597763 outsize=201 ok=1
Cmd: compileComputeKernel
  api=4 insize=8597763 outsize=22997 ok=1
Cmd: compileComputeKernel
  api=4 insize=8597763 outsize=201 ok=1
Cmd: compileComputeKernel
  api=4 insize=8597763 outsize=201 ok=1
Cmd: compileComputeKernel
  api=4 insize=8597763 outsize=201 ok=1
Cmd: compileComputeKernel
  api=4 insize=8597763 outsize=201 ok=1
Cmd: compileComputeKernel
  api=4 insize=8597763 outsize=201 ok=1
Cmd: compileComputeKernel
  api=4 insize=8597763 outsize=201 ok=1
Cmd: compileComputeKernel
  api=4 insize=8597763 outsize=201 ok=1
Cmd: compileComputeKernel
  api=4 insize=8597763 outsize=201 ok=1
Cmd: compileComputeKernel
  api=4 insize=8597763 outsize=201 ok=1
Cmd: compileComputeKernel
  api=4 insize=8597763 outsize=201 ok=1
Cmd: compileComputeKernel
  api=4 insize=8597763 outsize=201 ok=1
Cmd: compileComputeKernel
  api=4 insize=8597763 outsize=201 ok=1
Cmd: compileComputeKernel
  api=4 insize=8597763 outsize=201 ok=1
Cmd: compileComputeKernel
  api=4 insize=8597763 outsize=201 ok=1
Cmd: compileComputeKernel
  api=4 insize=8597763 outsize=201 ok=1
Cmd: compileComputeKernel
  api=4 insize=8597763 outsize=201 ok=1
Cmd: compileComputeKernel
  api=4 insize=8597763 outsize=201 ok=1
Cmd: compileComputeKernel
  api=4 insize=8597763 outsize=201 ok=1
Cmd: compileComputeKernel
  api=4 insize=8597763 outsize=201 ok=1
Cmd: compileComputeKernel
  api=4 insize=8597763 outsize=201 ok=1
Cmd: compileComputeKernel
  api=4 insize=8597763 outsize=201 ok=1
Cmd: compileComputeKernel
  api=4 insize=8597763 outsize=201 ok=1
Cmd: compileComputeKernel
  api=4 insize=8597763 outsize=201 ok=1
Cmd: compileComputeKernel
  api=4 insize=8597763 outsize=201 ok=1
Cmd: compileComputeKernel
  api=4 insize=8597763 outsize=201 ok=1
Cmd: compileComputeKernel
  api=4 insize=8597763 outsize=201 ok=1
Cmd: compileComputeKernel
  api=4 insize=8597763 outsize=201 ok=1
Cmd: compileComputeKernel
  api=4 insize=8597763 outsize=201 ok=1
Cmd: compileComputeKernel
  api=4 insize=8597763 outsize=201 ok=1
Cmd: compileComputeKernel
  api=4 insize=8597763 outsize=201 ok=1
Cmd: compileComputeKernel
  api=4 insize=8597763 outsize=201 ok=1
Cmd: compileComputeKernel
  api=4 insize=8597763 outsize=6021 ok=1
Cmd: compileComputeKernel
  api=4 insize=8597763 outsize=201 ok=1
Cmd: compileComputeKernel
  api=4 insize=8597763 outsize=12773 ok=1
Cmd: compileComputeKernel
  api=4 insize=8597763 outsize=15873 ok=1
Cmd: compileComputeKernel
  api=4 insize=8597763 outsize=201 ok=1
Cmd: compileComputeKernel
  api=4 insize=8597763 outsize=201 ok=1
Cmd: compileComputeKernel
  api=4 insize=8597763 outsize=201 ok=1
Cmd: compileComputeKernel
  api=4 insize=8597763 outsize=8185 ok=1
Cmd: compileComputeKernel
  api=4 insize=8597763 outsize=201 ok=1
Cmd: compileComputeKernel
  api=4 insize=8597763 outsize=18689 ok=1
Cmd: compileComputeKernel
  api=4 insize=8597763 outsize=201 ok=1
Cmd: compileComputeKernel
  api=4 insize=8597763 outsize=201 ok=1
Cmd: compileComputeKernel
  api=4 insize=8597763 outsize=201 ok=1
Cmd: compileComputeKernel
  api=4 insize=8597763 outsize=201 ok=1
Cmd: compileComputeKernel
  api=4 insize=8597763 outsize=18189 ok=1
Cmd: compileComputeKernel
  api=4 insize=8597763 outsize=201 ok=1
Cmd: compileComputeKernel
  api=4 insize=8597763 outsize=7669 ok=1
Cmd: compileComputeKernel
  api=4 insize=8597763 outsize=19953 ok=1
Cmd: compileComputeKernel
  api=4 insize=8597763 outsize=201 ok=1
Cmd: compileComputeKernel
  api=4 insize=8597763 outsize=201 ok=1
Cmd: compileComputeKernel
  api=4 insize=8597763 outsize=201 ok=1
Cmd: compileComputeKernel
  api=4 insize=8597763 outsize=10737 ok=1
Cmd: compileComputeKernel
  api=4 insize=8597763 outsize=10541 ok=1
Cmd: compileComputeKernel
  api=4 insize=8597763 outsize=201 ok=1
Cmd: compileComputeKernel
  api=4 insize=8597763 outsize=201 ok=1
Cmd: compileComputeKernel
  api=4 insize=8597763 outsize=201 ok=1
Cmd: compileComputeKernel
  api=4 insize=8597763 outsize=10225 ok=1
Cmd: compileComputeKernel
  api=4 insize=8597763 outsize=201 ok=1
Cmd: compileComputeKernel
  api=4 insize=8597763 outsize=20845 ok=1
Cmd: compileComputeKernel
  api=4 insize=8597763 outsize=201 ok=1
Cmd: compileComputeKernel
  api=4 insize=8597763 outsize=201 ok=1
Cmd: compileComputeKernel
  api=4 insize=8597763 outsize=201 ok=1
Cmd: compileComputeKernel
  api=4 insize=8597763 outsize=201 ok=1
Cmd: compileComputeKernel
  api=4 insize=8597763 outsize=201 ok=1
Cmd: compileComputeKernel
  api=4 insize=8597763 outsize=201 ok=1
Cmd: compileComputeKernel
Unhandled exception: Protocol error - unexpected end of data (did the Editor crash?)

Quitting shader compiler process
