Base path: C:/Program Files/Unity/Hub/Editor/2018.3.11f1/Editor/Data
Cmd: initializeCompiler
Cmd: compileComputeKernel
  api=4 insize=8597763 outsize=201 ok=1
Cmd: compileComputeKernel
  api=4 insize=8597763 outsize=14633 ok=1
Cmd: compileComputeKernel
  api=4 insize=8597763 outsize=20193 ok=1
Cmd: compileComputeKernel
  api=4 insize=8597763 outsize=201 ok=1
Cmd: compileComputeKernel
  api=4 insize=8597763 outsize=18569 ok=1
Cmd: compileComputeKernel
  api=4 insize=8597763 outsize=201 ok=1
Cmd: compileComputeKernel
  api=4 insize=8597763 outsize=2485 ok=1
Cmd: compileComputeKernel
  api=4 insize=8597763 outsize=201 ok=1
Cmd: compileComputeKernel
  api=4 insize=8597763 outsize=12641 ok=1
Cmd: compileComputeKernel
  api=4 insize=8597763 outsize=201 ok=1
Cmd: compileComputeKernel
  api=4 insize=8597763 outsize=201 ok=1
Cmd: compileComputeKernel
  api=4 insize=8597763 outsize=15469 ok=1
Cmd: compileComputeKernel
  api=4 insize=8597763 outsize=201 ok=1
Cmd: compileComputeKernel
  api=4 insize=8597763 outsize=201 ok=1
Cmd: compileComputeKernel
  api=4 insize=8597763 outsize=5497 ok=1
Cmd: compileComputeKernel
  api=4 insize=8597763 outsize=9493 ok=1
Cmd: compileComputeKernel
  api=4 insize=8597763 outsize=201 ok=1
Cmd: compileComputeKernel
  api=4 insize=8597763 outsize=201 ok=1
Cmd: compileComputeKernel
  api=4 insize=8597763 outsize=201 ok=1
Cmd: compileComputeKernel
  api=4 insize=8597763 outsize=9369 ok=1
Cmd: compileComputeKernel
  api=4 insize=8597763 outsize=22829 ok=1
Cmd: compileComputeKernel
  api=4 insize=8597763 outsize=201 ok=1
Cmd: compileComputeKernel
  api=4 insize=8597763 outsize=201 ok=1
Cmd: compileComputeKernel
  api=4 insize=8597763 outsize=201 ok=1
Cmd: compileComputeKernel
  api=4 insize=8597763 outsize=201 ok=1
Cmd: compileComputeKernel
  api=4 insize=8597763 outsize=201 ok=1
Cmd: compileComputeKernel
  api=4 insize=8597763 outsize=201 ok=1
Cmd: compileComputeKernel
  api=4 insize=8597763 outsize=201 ok=1
Cmd: compileComputeKernel
  api=4 insize=8597763 outsize=201 ok=1
Cmd: compileComputeKernel
  api=4 insize=8597763 outsize=201 ok=1
Cmd: compileComputeKernel
  api=4 insize=8597763 outsize=201 ok=1
Cmd: compileComputeKernel
  api=4 insize=8597763 outsize=201 ok=1
Cmd: compileComputeKernel
  api=4 insize=8597763 outsize=201 ok=1
Cmd: compileComputeKernel
  api=4 insize=8597763 outsize=20245 ok=1
Cmd: compileComputeKernel
  api=4 insize=8597763 outsize=201 ok=1
Cmd: compileComputeKernel
  api=4 insize=8597763 outsize=201 ok=1
Cmd: compileComputeKernel
  api=4 insize=8597763 outsize=201 ok=1
Cmd: compileComputeKernel
  api=4 insize=8597763 outsize=201 ok=1
Cmd: compileComputeKernel
  api=4 insize=8597763 outsize=201 ok=1
Cmd: compileComputeKernel
  api=4 insize=8597763 outsize=201 ok=1
Cmd: compileComputeKernel
  api=4 insize=8597763 outsize=201 ok=1
Cmd: compileComputeKernel
  api=4 insize=8597763 outsize=201 ok=1
Cmd: compileComputeKernel
  api=4 insize=8597763 outsize=201 ok=1
Cmd: compileComputeKernel
  api=4 insize=8597763 outsize=201 ok=1
Cmd: compileComputeKernel
  api=4 insize=8597763 outsize=201 ok=1
Cmd: compileComputeKernel
  api=4 insize=8597763 outsize=201 ok=1
Cmd: compileComputeKernel
  api=4 insize=8597763 outsize=201 ok=1
Cmd: compileComputeKernel
  api=4 insize=8597763 outsize=201 ok=1
Cmd: compileComputeKernel
  api=4 insize=8597763 outsize=201 ok=1
Cmd: compileComputeKernel
  api=4 insize=8597763 outsize=201 ok=1
Cmd: compileComputeKernel
  api=4 insize=8597763 outsize=201 ok=1
Cmd: compileComputeKernel
  api=4 insize=8597763 outsize=201 ok=1
Cmd: compileComputeKernel
  api=4 insize=8597763 outsize=10769 ok=1
Cmd: compileComputeKernel
  api=4 insize=8597763 outsize=201 ok=1
Cmd: compileComputeKernel
  api=4 insize=8597763 outsize=11493 ok=1
Cmd: compileComputeKernel
  api=4 insize=8597763 outsize=201 ok=1
Cmd: compileComputeKernel
  api=4 insize=8597763 outsize=201 ok=1
Cmd: compileComputeKernel
  api=4 insize=8597763 outsize=201 ok=1
Cmd: compileComputeKernel
  api=4 insize=8597763 outsize=201 ok=1
Cmd: compileComputeKernel
  api=4 insize=8597763 outsize=201 ok=1
Cmd: compileComputeKernel
  api=4 insize=8597763 outsize=201 ok=1
Cmd: compileComputeKernel
  api=4 insize=8597763 outsize=201 ok=1
Cmd: compileComputeKernel
  api=4 insize=8597763 outsize=7493 ok=1
Cmd: compileComputeKernel
  api=4 insize=8597763 outsize=201 ok=1
Cmd: compileComputeKernel
  api=4 insize=8597763 outsize=201 ok=1
Cmd: compileComputeKernel
  api=4 insize=8597763 outsize=201 ok=1
Cmd: compileComputeKernel
  api=4 insize=8597763 outsize=201 ok=1
Cmd: compileComputeKernel
  api=4 insize=8597763 outsize=17369 ok=1
Cmd: compileComputeKernel
  api=4 insize=8597763 outsize=201 ok=1
Cmd: compileComputeKernel
  api=4 insize=8597763 outsize=201 ok=1
Cmd: compileComputeKernel
  api=4 insize=8597763 outsize=201 ok=1
Cmd: compileComputeKernel
  api=4 insize=8597763 outsize=22093 ok=1
Cmd: compileComputeKernel
  api=4 insize=8597763 outsize=201 ok=1
Cmd: compileComputeKernel
  api=4 insize=8597763 outsize=22125 ok=1
Cmd: compileComputeKernel
  api=4 insize=8597763 outsize=201 ok=1
Cmd: compileComputeKernel
  api=4 insize=8597763 outsize=201 ok=1
Cmd: compileComputeKernel
  api=4 insize=8597763 outsize=201 ok=1
Cmd: compileComputeKernel
  api=4 insize=8597763 outsize=201 ok=1
Cmd: compileComputeKernel
  api=4 insize=8597763 outsize=201 ok=1
Cmd: compileComputeKernel
  api=4 insize=8597763 outsize=201 ok=1
Cmd: compileComputeKernel
  api=4 insize=8597763 outsize=201 ok=1
Cmd: compileComputeKernel
  api=4 insize=8597763 outsize=201 ok=1
Cmd: compileComputeKernel
  api=4 insize=8597763 outsize=11493 ok=1
Cmd: compileComputeKernel
  api=4 insize=8597763 outsize=22285 ok=1
Cmd: compileComputeKernel
  api=4 insize=8597763 outsize=201 ok=1
Cmd: compileComputeKernel
  api=4 insize=8597763 outsize=201 ok=1
Cmd: compileComputeKernel
  api=4 insize=8597763 outsize=201 ok=1
Cmd: compileComputeKernel
  api=4 insize=8597763 outsize=201 ok=1
Cmd: compileComputeKernel
  api=4 insize=8597763 outsize=201 ok=1
Cmd: compileComputeKernel
  api=4 insize=8597763 outsize=201 ok=1
Cmd: compileComputeKernel
  api=4 insize=8597763 outsize=201 ok=1
Cmd: compileComputeKernel
  api=4 insize=8597763 outsize=201 ok=1
Cmd: compileComputeKernel
  api=4 insize=8597763 outsize=201 ok=1
Cmd: compileComputeKernel
  api=4 insize=8597763 outsize=201 ok=1
Cmd: compileComputeKernel
  api=4 insize=8597763 outsize=201 ok=1
Cmd: compileComputeKernel
  api=4 insize=8597763 outsize=201 ok=1
Cmd: compileComputeKernel
  api=4 insize=8597763 outsize=201 ok=1
Cmd: compileComputeKernel
  api=4 insize=8597763 outsize=201 ok=1
Cmd: compileComputeKernel
  api=4 insize=8597763 outsize=201 ok=1
Cmd: compileComputeKernel
  api=4 insize=8597763 outsize=201 ok=1
Cmd: compileComputeKernel
  api=4 insize=8597763 outsize=201 ok=1
Cmd: compileComputeKernel
  api=4 insize=8597763 outsize=201 ok=1
Cmd: compileComputeKernel
  api=4 insize=8597763 outsize=201 ok=1
Cmd: compileComputeKernel
  api=4 insize=8597763 outsize=201 ok=1
Cmd: compileComputeKernel
  api=4 insize=8597763 outsize=201 ok=1
Cmd: compileComputeKernel
  api=4 insize=8597763 outsize=201 ok=1
Cmd: compileComputeKernel
  api=4 insize=8597763 outsize=201 ok=1
Cmd: compileComputeKernel
  api=4 insize=8597763 outsize=201 ok=1
Cmd: compileComputeKernel
  api=4 insize=8597763 outsize=201 ok=1
Cmd: compileComputeKernel
  api=4 insize=8597763 outsize=201 ok=1
Cmd: compileComputeKernel
  api=4 insize=8597763 outsize=201 ok=1
Cmd: compileComputeKernel
  api=4 insize=8597763 outsize=201 ok=1
Cmd: compileComputeKernel
  api=4 insize=8597763 outsize=201 ok=1
Cmd: compileComputeKernel
  api=4 insize=8597763 outsize=201 ok=1
Cmd: compileComputeKernel
  api=4 insize=8597763 outsize=201 ok=1
Cmd: compileComputeKernel
  api=4 insize=8597763 outsize=201 ok=1
Cmd: compileComputeKernel
  api=4 insize=8597763 outsize=201 ok=1
Cmd: compileComputeKernel
  api=4 insize=8597763 outsize=201 ok=1
Cmd: compileComputeKernel
  api=4 insize=8597763 outsize=201 ok=1
Cmd: compileComputeKernel
  api=4 insize=8597763 outsize=201 ok=1
Cmd: compileComputeKernel
  api=4 insize=8597763 outsize=201 ok=1
Cmd: compileComputeKernel
  api=4 insize=8597763 outsize=201 ok=1
Cmd: compileComputeKernel
  api=4 insize=8597763 outsize=201 ok=1
Cmd: compileComputeKernel
  api=4 insize=8597763 outsize=201 ok=1
Cmd: compileComputeKernel
  api=4 insize=8597763 outsize=201 ok=1
Cmd: compileComputeKernel
  api=4 insize=8597763 outsize=201 ok=1
Cmd: compileComputeKernel
  api=4 insize=8597763 outsize=201 ok=1
Cmd: compileComputeKernel
  api=4 insize=8597763 outsize=201 ok=1
Cmd: compileComputeKernel
  api=4 insize=8597763 outsize=201 ok=1
Cmd: compileComputeKernel
  api=4 insize=8597763 outsize=201 ok=1
Cmd: compileComputeKernel
  api=4 insize=8597763 outsize=201 ok=1
Cmd: compileComputeKernel
  api=4 insize=8597763 outsize=201 ok=1
Cmd: compileComputeKernel
  api=4 insize=8597763 outsize=201 ok=1
Cmd: compileComputeKernel
  api=4 insize=8597763 outsize=201 ok=1
Cmd: compileComputeKernel
  api=4 insize=8597763 outsize=201 ok=1
Cmd: compileComputeKernel
  api=4 insize=8597763 outsize=201 ok=1
Cmd: compileComputeKernel
  api=4 insize=8597763 outsize=201 ok=1
Cmd: compileComputeKernel
  api=4 insize=8597763 outsize=201 ok=1
Cmd: compileComputeKernel
  api=4 insize=8597763 outsize=201 ok=1
Cmd: compileComputeKernel
  api=4 insize=8597763 outsize=201 ok=1
Cmd: compileComputeKernel
  api=4 insize=8597763 outsize=201 ok=1
Cmd: compileComputeKernel
  api=4 insize=8597763 outsize=201 ok=1
Cmd: compileComputeKernel
  api=4 insize=8597763 outsize=201 ok=1
Cmd: compileComputeKernel
  api=4 insize=8597763 outsize=201 ok=1
Cmd: compileComputeKernel
  api=4 insize=8597763 outsize=201 ok=1
Cmd: compileComputeKernel
  api=4 insize=8597763 outsize=201 ok=1
Cmd: compileComputeKernel
  api=4 insize=8597763 outsize=201 ok=1
Cmd: compileComputeKernel
  api=4 insize=8597763 outsize=201 ok=1
Cmd: compileComputeKernel
  api=4 insize=8597763 outsize=201 ok=1
Cmd: compileComputeKernel
  api=4 insize=8597763 outsize=201 ok=1
Cmd: compileComputeKernel
  api=4 insize=8597763 outsize=201 ok=1
Cmd: compileComputeKernel
  api=4 insize=8597763 outsize=201 ok=1
Cmd: compileComputeKernel
  api=4 insize=8597763 outsize=201 ok=1
Cmd: compileComputeKernel
  api=4 insize=8597763 outsize=201 ok=1
Cmd: compileComputeKernel
  api=4 insize=8597763 outsize=201 ok=1
Cmd: compileComputeKernel
  api=4 insize=8597763 outsize=201 ok=1
Cmd: compileComputeKernel
  api=4 insize=8597763 outsize=201 ok=1
Cmd: compileComputeKernel
  api=4 insize=8597763 outsize=201 ok=1
Cmd: compileComputeKernel
  api=4 insize=8597763 outsize=201 ok=1
Cmd: compileComputeKernel
  api=4 insize=8597763 outsize=201 ok=1
Cmd: compileComputeKernel
  api=4 insize=8597763 outsize=19713 ok=1
Cmd: compileComputeKernel
  api=4 insize=8597763 outsize=201 ok=1
Cmd: compileComputeKernel
  api=4 insize=8597763 outsize=201 ok=1
Cmd: compileComputeKernel
  api=4 insize=8597763 outsize=19989 ok=1
Cmd: compileComputeKernel
  api=4 insize=8597763 outsize=201 ok=1
Cmd: compileComputeKernel
  api=4 insize=8597763 outsize=201 ok=1
Cmd: compileComputeKernel
  api=4 insize=8597763 outsize=201 ok=1
Cmd: compileComputeKernel
  api=4 insize=8597763 outsize=201 ok=1
Cmd: compileComputeKernel
  api=4 insize=8597763 outsize=201 ok=1
Cmd: compileComputeKernel
  api=4 insize=8597763 outsize=201 ok=1
Cmd: compileComputeKernel
  api=4 insize=8597763 outsize=201 ok=1
Cmd: compileComputeKernel
  api=4 insize=8597763 outsize=19797 ok=1
Cmd: compileComputeKernel
  api=4 insize=8597763 outsize=201 ok=1
Cmd: compileComputeKernel
  api=4 insize=8597763 outsize=201 ok=1
Cmd: compileComputeKernel
  api=4 insize=8597763 outsize=201 ok=1
Cmd: compileComputeKernel
  api=4 insize=8597763 outsize=201 ok=1
Cmd: compileComputeKernel
  api=4 insize=8597763 outsize=201 ok=1
Cmd: compileComputeKernel
  api=4 insize=8597763 outsize=201 ok=1
Cmd: compileComputeKernel
  api=4 insize=8597763 outsize=201 ok=1
Cmd: compileComputeKernel
  api=4 insize=8597763 outsize=12149 ok=1
Cmd: compileComputeKernel
  api=4 insize=8597763 outsize=201 ok=1
Cmd: compileComputeKernel
  api=4 insize=8597763 outsize=201 ok=1
Cmd: compileComputeKernel
  api=4 insize=8597763 outsize=201 ok=1
Cmd: compileComputeKernel
  api=4 insize=8597763 outsize=201 ok=1
Cmd: compileComputeKernel
  api=4 insize=8597763 outsize=201 ok=1
Cmd: compileComputeKernel
  api=4 insize=8597763 outsize=201 ok=1
Cmd: compileComputeKernel
  api=4 insize=8597763 outsize=201 ok=1
Cmd: compileComputeKernel
  api=4 insize=8597763 outsize=201 ok=1
Cmd: compileComputeKernel
  api=4 insize=8597763 outsize=201 ok=1
Cmd: compileComputeKernel
  api=4 insize=8597763 outsize=201 ok=1
Cmd: compileComputeKernel
  api=4 insize=8597763 outsize=201 ok=1
Cmd: compileComputeKernel
  api=4 insize=8597763 outsize=201 ok=1
Cmd: compileComputeKernel
  api=4 insize=8597763 outsize=201 ok=1
Cmd: compileComputeKernel
  api=4 insize=8597763 outsize=201 ok=1
Cmd: compileComputeKernel
  api=4 insize=8597763 outsize=201 ok=1
Cmd: compileComputeKernel
  api=4 insize=8597763 outsize=201 ok=1
Cmd: compileComputeKernel
  api=4 insize=8597763 outsize=19989 ok=1
Cmd: compileComputeKernel
  api=4 insize=8597763 outsize=201 ok=1
Cmd: compileComputeKernel
  api=4 insize=8597763 outsize=20413 ok=1
Cmd: compileComputeKernel
  api=4 insize=8597763 outsize=201 ok=1
Cmd: compileComputeKernel
  api=4 insize=8597763 outsize=201 ok=1
Cmd: compileComputeKernel
  api=4 insize=8597763 outsize=201 ok=1
Cmd: compileComputeKernel
  api=4 insize=8597763 outsize=201 ok=1
Cmd: compileComputeKernel
  api=4 insize=8597763 outsize=201 ok=1
Cmd: compileComputeKernel
  api=4 insize=8597763 outsize=201 ok=1
Cmd: compileComputeKernel
  api=4 insize=8597763 outsize=201 ok=1
Cmd: compileComputeKernel
  api=4 insize=8597763 outsize=201 ok=1
Cmd: compileComputeKernel
  api=4 insize=8597763 outsize=201 ok=1
Cmd: compileComputeKernel
  api=4 insize=8597763 outsize=201 ok=1
Cmd: compileComputeKernel
  api=4 insize=8597763 outsize=201 ok=1
Cmd: compileComputeKernel
  api=4 insize=8597763 outsize=201 ok=1
Cmd: compileComputeKernel
  api=4 insize=8597763 outsize=201 ok=1
Cmd: compileComputeKernel
  api=4 insize=8597763 outsize=201 ok=1
Cmd: compileComputeKernel
  api=4 insize=8597763 outsize=201 ok=1
Cmd: compileComputeKernel
  api=4 insize=8597763 outsize=201 ok=1
Cmd: compileComputeKernel
  api=4 insize=8597763 outsize=201 ok=1
Cmd: compileComputeKernel
  api=4 insize=8597763 outsize=201 ok=1
Cmd: compileComputeKernel
  api=4 insize=8597763 outsize=201 ok=1
Cmd: compileComputeKernel
  api=4 insize=8597763 outsize=201 ok=1
Cmd: compileComputeKernel
  api=4 insize=8597763 outsize=201 ok=1
Cmd: compileComputeKernel
  api=4 insize=8597763 outsize=201 ok=1
Cmd: compileComputeKernel
  api=4 insize=8597763 outsize=18105 ok=1
Cmd: compileComputeKernel
  api=4 insize=8597763 outsize=201 ok=1
Cmd: compileComputeKernel
  api=4 insize=8597763 outsize=201 ok=1
Cmd: compileComputeKernel
  api=4 insize=8597763 outsize=201 ok=1
Cmd: compileComputeKernel
  api=4 insize=8597763 outsize=201 ok=1
Cmd: compileComputeKernel
  api=4 insize=8597763 outsize=201 ok=1
Cmd: compileComputeKernel
  api=4 insize=8597763 outsize=201 ok=1
Cmd: compileComputeKernel
  api=4 insize=8597763 outsize=18881 ok=1
Cmd: compileComputeKernel
  api=4 insize=8597763 outsize=201 ok=1
Cmd: compileComputeKernel
  api=4 insize=8597763 outsize=15873 ok=1
Cmd: compileComputeKernel
  api=4 insize=8597763 outsize=201 ok=1
Cmd: compileComputeKernel
  api=4 insize=8597763 outsize=201 ok=1
Cmd: compileComputeKernel
  api=4 insize=8597763 outsize=7477 ok=1
Cmd: compileComputeKernel
  api=4 insize=8597763 outsize=11473 ok=1
Cmd: compileComputeKernel
  api=4 insize=8597763 outsize=201 ok=1
Cmd: compileComputeKernel
  api=4 insize=8597763 outsize=201 ok=1
Cmd: compileComputeKernel
  api=4 insize=8597763 outsize=19021 ok=1
Cmd: compileComputeKernel
  api=4 insize=8597763 outsize=201 ok=1
Cmd: compileComputeKernel
  api=4 insize=8597763 outsize=201 ok=1
Cmd: compileComputeKernel
  api=4 insize=8597763 outsize=18413 ok=1
Cmd: compileComputeKernel
  api=4 insize=8597763 outsize=201 ok=1
Cmd: compileComputeKernel
  api=4 insize=8597763 outsize=201 ok=1
Cmd: compileComputeKernel
  api=4 insize=8597763 outsize=201 ok=1
Cmd: compileComputeKernel
  api=4 insize=8597763 outsize=201 ok=1
Cmd: compileComputeKernel
  api=4 insize=8597763 outsize=201 ok=1
Cmd: compileComputeKernel
Unhandled exception: Failed reading data from socket

Quitting shader compiler process
