Base path: C:/Program Files/Unity/Hub/Editor/2018.3.11f1/Editor/Data
Cmd: initializeCompiler
Cmd: compileComputeKernel
  api=4 insize=8597763 outsize=201 ok=1
Cmd: compileComputeKernel
  api=4 insize=8597763 outsize=17237 ok=1
Cmd: compileComputeKernel
  api=4 insize=8597763 outsize=201 ok=1
Cmd: compileComputeKernel
  api=4 insize=8597763 outsize=201 ok=1
Cmd: compileComputeKernel
  api=4 insize=8597763 outsize=17641 ok=1
Cmd: compileComputeKernel
  api=4 insize=8597763 outsize=201 ok=1
Cmd: compileComputeKernel
  api=4 insize=8597763 outsize=5689 ok=1
Cmd: compileComputeKernel
  api=4 insize=8597763 outsize=201 ok=1
Cmd: compileComputeKernel
  api=4 insize=8597763 outsize=201 ok=1
Cmd: compileComputeKernel
  api=4 insize=8597763 outsize=201 ok=1
Cmd: compileComputeKernel
  api=4 insize=8597763 outsize=201 ok=1
Cmd: compileComputeKernel
  api=4 insize=8597763 outsize=201 ok=1
Cmd: compileComputeKernel
  api=4 insize=8597763 outsize=10621 ok=1
Cmd: compileComputeKernel
  api=4 insize=8597763 outsize=13381 ok=1
Cmd: compileComputeKernel
  api=4 insize=8597763 outsize=201 ok=1
Cmd: compileComputeKernel
  api=4 insize=8597763 outsize=201 ok=1
Cmd: compileComputeKernel
  api=4 insize=8597763 outsize=2485 ok=1
Cmd: compileComputeKernel
  api=4 insize=8597763 outsize=201 ok=1
Cmd: compileComputeKernel
  api=4 insize=8597763 outsize=17237 ok=1
Cmd: compileComputeKernel
  api=4 insize=8597763 outsize=201 ok=1
Cmd: compileComputeKernel
  api=4 insize=8597763 outsize=201 ok=1
Cmd: compileComputeKernel
  api=4 insize=8597763 outsize=201 ok=1
Cmd: compileComputeKernel
  api=4 insize=8597763 outsize=201 ok=1
Cmd: compileComputeKernel
  api=4 insize=8597763 outsize=201 ok=1
Cmd: compileComputeKernel
  api=4 insize=8597763 outsize=201 ok=1
Cmd: compileComputeKernel
  api=4 insize=8597763 outsize=201 ok=1
Cmd: compileComputeKernel
  api=4 insize=8597763 outsize=201 ok=1
Cmd: compileComputeKernel
  api=4 insize=8597763 outsize=201 ok=1
Cmd: compileComputeKernel
  api=4 insize=8597763 outsize=201 ok=1
Cmd: compileComputeKernel
  api=4 insize=8597763 outsize=201 ok=1
Cmd: compileComputeKernel
  api=4 insize=8597763 outsize=201 ok=1
Cmd: compileComputeKernel
  api=4 insize=8597763 outsize=201 ok=1
Cmd: compileComputeKernel
  api=4 insize=8597763 outsize=201 ok=1
Cmd: compileComputeKernel
  api=4 insize=8597763 outsize=201 ok=1
Cmd: compileComputeKernel
  api=4 insize=8597763 outsize=201 ok=1
Cmd: compileComputeKernel
  api=4 insize=8597763 outsize=201 ok=1
Cmd: compileComputeKernel
  api=4 insize=8597763 outsize=20881 ok=1
Cmd: compileComputeKernel
  api=4 insize=8597763 outsize=201 ok=1
Cmd: compileComputeKernel
  api=4 insize=8597763 outsize=201 ok=1
Cmd: compileComputeKernel
  api=4 insize=8597763 outsize=201 ok=1
Cmd: compileComputeKernel
  api=4 insize=8597763 outsize=201 ok=1
Cmd: compileComputeKernel
  api=4 insize=8597763 outsize=201 ok=1
Cmd: compileComputeKernel
  api=4 insize=8597763 outsize=201 ok=1
Cmd: compileComputeKernel
  api=4 insize=8597763 outsize=201 ok=1
Cmd: compileComputeKernel
  api=4 insize=8597763 outsize=201 ok=1
Cmd: compileComputeKernel
  api=4 insize=8597763 outsize=201 ok=1
Cmd: compileComputeKernel
  api=4 insize=8597763 outsize=201 ok=1
Cmd: compileComputeKernel
  api=4 insize=8597763 outsize=201 ok=1
Cmd: compileComputeKernel
  api=4 insize=8597763 outsize=201 ok=1
Cmd: compileComputeKernel
  api=4 insize=8597763 outsize=201 ok=1
Cmd: compileComputeKernel
  api=4 insize=8597763 outsize=201 ok=1
Cmd: compileComputeKernel
  api=4 insize=8597763 outsize=201 ok=1
Cmd: compileComputeKernel
  api=4 insize=8597763 outsize=201 ok=1
Cmd: compileComputeKernel
  api=4 insize=8597763 outsize=201 ok=1
Cmd: compileComputeKernel
  api=4 insize=8597763 outsize=201 ok=1
Cmd: compileComputeKernel
  api=4 insize=8597763 outsize=15809 ok=1
Cmd: compileComputeKernel
  api=4 insize=8597763 outsize=4289 ok=1
Cmd: compileComputeKernel
  api=4 insize=8597763 outsize=16341 ok=1
Cmd: compileComputeKernel
  api=4 insize=8597763 outsize=201 ok=1
Cmd: compileComputeKernel
  api=4 insize=8597763 outsize=201 ok=1
Cmd: compileComputeKernel
  api=4 insize=8597763 outsize=12281 ok=1
Cmd: compileComputeKernel
  api=4 insize=8597763 outsize=22785 ok=1
Cmd: compileComputeKernel
  api=4 insize=8597763 outsize=201 ok=1
Cmd: compileComputeKernel
  api=4 insize=8597763 outsize=11105 ok=1
Cmd: compileComputeKernel
  api=4 insize=8597763 outsize=201 ok=1
Cmd: compileComputeKernel
  api=4 insize=8597763 outsize=201 ok=1
Cmd: compileComputeKernel
  api=4 insize=8597763 outsize=12617 ok=1
Cmd: compileComputeKernel
  api=4 insize=8597763 outsize=19781 ok=1
Cmd: compileComputeKernel
  api=4 insize=8597763 outsize=201 ok=1
Cmd: compileComputeKernel
  api=4 insize=8597763 outsize=201 ok=1
Cmd: compileComputeKernel
  api=4 insize=8597763 outsize=201 ok=1
Cmd: compileComputeKernel
  api=4 insize=8597763 outsize=201 ok=1
Cmd: compileComputeKernel
  api=4 insize=8597763 outsize=201 ok=1
Cmd: compileComputeKernel
  api=4 insize=8597763 outsize=201 ok=1
Cmd: compileComputeKernel
  api=4 insize=8597763 outsize=201 ok=1
Cmd: compileComputeKernel
  api=4 insize=8597763 outsize=24825 ok=1
Cmd: compileComputeKernel
  api=4 insize=8597763 outsize=201 ok=1
Cmd: compileComputeKernel
  api=4 insize=8597763 outsize=201 ok=1
Cmd: compileComputeKernel
  api=4 insize=8597763 outsize=201 ok=1
Cmd: compileComputeKernel
  api=4 insize=8597763 outsize=201 ok=1
Cmd: compileComputeKernel
  api=4 insize=8597763 outsize=201 ok=1
Cmd: compileComputeKernel
  api=4 insize=8597763 outsize=201 ok=1
Cmd: compileComputeKernel
  api=4 insize=8597763 outsize=201 ok=1
Cmd: compileComputeKernel
  api=4 insize=8597763 outsize=11297 ok=1
Cmd: compileComputeKernel
  api=4 insize=8597763 outsize=201 ok=1
Cmd: compileComputeKernel
  api=4 insize=8597763 outsize=201 ok=1
Cmd: compileComputeKernel
  api=4 insize=8597763 outsize=7297 ok=1
Cmd: compileComputeKernel
  api=4 insize=8597763 outsize=201 ok=1
Cmd: compileComputeKernel
  api=4 insize=8597763 outsize=201 ok=1
Cmd: compileComputeKernel
  api=4 insize=8597763 outsize=201 ok=1
Cmd: compileComputeKernel
  api=4 insize=8597763 outsize=201 ok=1
Cmd: compileComputeKernel
  api=4 insize=8597763 outsize=201 ok=1
Cmd: compileComputeKernel
  api=4 insize=8597763 outsize=201 ok=1
Cmd: compileComputeKernel
  api=4 insize=8597763 outsize=201 ok=1
Cmd: compileComputeKernel
  api=4 insize=8597763 outsize=201 ok=1
Cmd: compileComputeKernel
  api=4 insize=8597763 outsize=201 ok=1
Cmd: compileComputeKernel
  api=4 insize=8597763 outsize=201 ok=1
Cmd: compileComputeKernel
  api=4 insize=8597763 outsize=201 ok=1
Cmd: compileComputeKernel
  api=4 insize=8597763 outsize=201 ok=1
Cmd: compileComputeKernel
  api=4 insize=8597763 outsize=201 ok=1
Cmd: compileComputeKernel
  api=4 insize=8597763 outsize=201 ok=1
Cmd: compileComputeKernel
  api=4 insize=8597763 outsize=201 ok=1
Cmd: compileComputeKernel
  api=4 insize=8597763 outsize=201 ok=1
Cmd: compileComputeKernel
  api=4 insize=8597763 outsize=201 ok=1
Cmd: compileComputeKernel
  api=4 insize=8597763 outsize=201 ok=1
Cmd: compileComputeKernel
  api=4 insize=8597763 outsize=201 ok=1
Cmd: compileComputeKernel
  api=4 insize=8597763 outsize=201 ok=1
Cmd: compileComputeKernel
  api=4 insize=8597763 outsize=201 ok=1
Cmd: compileComputeKernel
  api=4 insize=8597763 outsize=201 ok=1
Cmd: compileComputeKernel
  api=4 insize=8597763 outsize=201 ok=1
Cmd: compileComputeKernel
  api=4 insize=8597763 outsize=201 ok=1
Cmd: compileComputeKernel
  api=4 insize=8597763 outsize=201 ok=1
Cmd: compileComputeKernel
  api=4 insize=8597763 outsize=201 ok=1
Cmd: compileComputeKernel
  api=4 insize=8597763 outsize=201 ok=1
Cmd: compileComputeKernel
  api=4 insize=8597763 outsize=201 ok=1
Cmd: compileComputeKernel
  api=4 insize=8597763 outsize=201 ok=1
Cmd: compileComputeKernel
  api=4 insize=8597763 outsize=201 ok=1
Cmd: compileComputeKernel
  api=4 insize=8597763 outsize=201 ok=1
Cmd: compileComputeKernel
  api=4 insize=8597763 outsize=201 ok=1
Cmd: compileComputeKernel
  api=4 insize=8597763 outsize=201 ok=1
Cmd: compileComputeKernel
  api=4 insize=8597763 outsize=201 ok=1
Cmd: compileComputeKernel
  api=4 insize=8597763 outsize=201 ok=1
Cmd: compileComputeKernel
  api=4 insize=8597763 outsize=201 ok=1
Cmd: compileComputeKernel
  api=4 insize=8597763 outsize=201 ok=1
Cmd: compileComputeKernel
  api=4 insize=8597763 outsize=201 ok=1
Cmd: compileComputeKernel
  api=4 insize=8597763 outsize=201 ok=1
Cmd: compileComputeKernel
  api=4 insize=8597763 outsize=201 ok=1
Cmd: compileComputeKernel
  api=4 insize=8597763 outsize=201 ok=1
Cmd: compileComputeKernel
  api=4 insize=8597763 outsize=201 ok=1
Cmd: compileComputeKernel
  api=4 insize=8597763 outsize=201 ok=1
Cmd: compileComputeKernel
  api=4 insize=8597763 outsize=201 ok=1
Cmd: compileComputeKernel
  api=4 insize=8597763 outsize=201 ok=1
Cmd: compileComputeKernel
  api=4 insize=8597763 outsize=201 ok=1
Cmd: compileComputeKernel
  api=4 insize=8597763 outsize=201 ok=1
Cmd: compileComputeKernel
  api=4 insize=8597763 outsize=201 ok=1
Cmd: compileComputeKernel
  api=4 insize=8597763 outsize=201 ok=1
Cmd: compileComputeKernel
  api=4 insize=8597763 outsize=201 ok=1
Cmd: compileComputeKernel
  api=4 insize=8597763 outsize=201 ok=1
Cmd: compileComputeKernel
  api=4 insize=8597763 outsize=201 ok=1
Cmd: compileComputeKernel
  api=4 insize=8597763 outsize=201 ok=1
Cmd: compileComputeKernel
  api=4 insize=8597763 outsize=201 ok=1
Cmd: compileComputeKernel
  api=4 insize=8597763 outsize=201 ok=1
Cmd: compileComputeKernel
  api=4 insize=8597763 outsize=201 ok=1
Cmd: compileComputeKernel
  api=4 insize=8597763 outsize=201 ok=1
Cmd: compileComputeKernel
  api=4 insize=8597763 outsize=201 ok=1
Cmd: compileComputeKernel
  api=4 insize=8597763 outsize=201 ok=1
Cmd: compileComputeKernel
  api=4 insize=8597763 outsize=201 ok=1
Cmd: compileComputeKernel
  api=4 insize=8597763 outsize=201 ok=1
Cmd: compileComputeKernel
  api=4 insize=8597763 outsize=201 ok=1
Cmd: compileComputeKernel
  api=4 insize=8597763 outsize=201 ok=1
Cmd: compileComputeKernel
  api=4 insize=8597763 outsize=201 ok=1
Cmd: compileComputeKernel
  api=4 insize=8597763 outsize=201 ok=1
Cmd: compileComputeKernel
  api=4 insize=8597763 outsize=201 ok=1
Cmd: compileComputeKernel
  api=4 insize=8597763 outsize=201 ok=1
Cmd: compileComputeKernel
  api=4 insize=8597763 outsize=201 ok=1
Cmd: compileComputeKernel
  api=4 insize=8597763 outsize=201 ok=1
Cmd: compileComputeKernel
  api=4 insize=8597763 outsize=201 ok=1
Cmd: compileComputeKernel
  api=4 insize=8597763 outsize=201 ok=1
Cmd: compileComputeKernel
  api=4 insize=8597763 outsize=201 ok=1
Cmd: compileComputeKernel
  api=4 insize=8597763 outsize=201 ok=1
Cmd: compileComputeKernel
  api=4 insize=8597763 outsize=201 ok=1
Cmd: compileComputeKernel
  api=4 insize=8597763 outsize=201 ok=1
Cmd: compileComputeKernel
  api=4 insize=8597763 outsize=14381 ok=1
Cmd: compileComputeKernel
  api=4 insize=8597763 outsize=17405 ok=1
Cmd: compileComputeKernel
  api=4 insize=8597763 outsize=201 ok=1
Cmd: compileComputeKernel
  api=4 insize=8597763 outsize=201 ok=1
Cmd: compileComputeKernel
  api=4 insize=8597763 outsize=201 ok=1
Cmd: compileComputeKernel
  api=4 insize=8597763 outsize=201 ok=1
Cmd: compileComputeKernel
  api=4 insize=8597763 outsize=20297 ok=1
Cmd: compileComputeKernel
  api=4 insize=8597763 outsize=201 ok=1
Cmd: compileComputeKernel
  api=4 insize=8597763 outsize=17405 ok=1
Cmd: compileComputeKernel
  api=4 insize=8597763 outsize=201 ok=1
Cmd: compileComputeKernel
  api=4 insize=8597763 outsize=201 ok=1
Cmd: compileComputeKernel
  api=4 insize=8597763 outsize=18433 ok=1
Cmd: compileComputeKernel
  api=4 insize=8597763 outsize=201 ok=1
Cmd: compileComputeKernel
  api=4 insize=8597763 outsize=201 ok=1
Cmd: compileComputeKernel
  api=4 insize=8597763 outsize=8345 ok=1
Cmd: compileComputeKernel
  api=4 insize=8597763 outsize=11957 ok=1
Cmd: compileComputeKernel
  api=4 insize=8597763 outsize=201 ok=1
Cmd: compileComputeKernel
  api=4 insize=8597763 outsize=201 ok=1
Cmd: compileComputeKernel
  api=4 insize=8597763 outsize=7797 ok=1
Cmd: compileComputeKernel
  api=4 insize=8597763 outsize=201 ok=1
Cmd: compileComputeKernel
  api=4 insize=8597763 outsize=201 ok=1
Cmd: compileComputeKernel
  api=4 insize=8597763 outsize=201 ok=1
Cmd: compileComputeKernel
  api=4 insize=8597763 outsize=201 ok=1
Cmd: compileComputeKernel
  api=4 insize=8597763 outsize=201 ok=1
Cmd: compileComputeKernel
  api=4 insize=8597763 outsize=201 ok=1
Cmd: compileComputeKernel
  api=4 insize=8597763 outsize=201 ok=1
Cmd: compileComputeKernel
  api=4 insize=8597763 outsize=201 ok=1
Cmd: compileComputeKernel
  api=4 insize=8597763 outsize=201 ok=1
Cmd: compileComputeKernel
  api=4 insize=8597763 outsize=201 ok=1
Cmd: compileComputeKernel
  api=4 insize=8597763 outsize=201 ok=1
Cmd: compileComputeKernel
  api=4 insize=8597763 outsize=201 ok=1
Cmd: compileComputeKernel
  api=4 insize=8597763 outsize=20533 ok=1
Cmd: compileComputeKernel
  api=4 insize=8597763 outsize=201 ok=1
Cmd: compileComputeKernel
  api=4 insize=8597763 outsize=11349 ok=1
Cmd: compileComputeKernel
  api=4 insize=8597763 outsize=201 ok=1
Cmd: compileComputeKernel
  api=4 insize=8597763 outsize=201 ok=1
Cmd: compileComputeKernel
  api=4 insize=8597763 outsize=201 ok=1
Cmd: compileComputeKernel
  api=4 insize=8597763 outsize=201 ok=1
Cmd: compileComputeKernel
  api=4 insize=8597763 outsize=201 ok=1
Cmd: compileComputeKernel
  api=4 insize=8597763 outsize=201 ok=1
Cmd: compileComputeKernel
  api=4 insize=8597763 outsize=201 ok=1
Cmd: compileComputeKernel
  api=4 insize=8597763 outsize=201 ok=1
Cmd: compileComputeKernel
  api=4 insize=8597763 outsize=201 ok=1
Cmd: compileComputeKernel
  api=4 insize=8597763 outsize=201 ok=1
Cmd: compileComputeKernel
  api=4 insize=8597763 outsize=201 ok=1
Cmd: compileComputeKernel
  api=4 insize=8597763 outsize=201 ok=1
Cmd: compileComputeKernel
  api=4 insize=8597763 outsize=201 ok=1
Cmd: compileComputeKernel
  api=4 insize=8597763 outsize=201 ok=1
Cmd: compileComputeKernel
  api=4 insize=8597763 outsize=201 ok=1
Cmd: compileComputeKernel
  api=4 insize=8597763 outsize=201 ok=1
Cmd: compileComputeKernel
  api=4 insize=8597763 outsize=201 ok=1
Cmd: compileComputeKernel
  api=4 insize=8597763 outsize=201 ok=1
Cmd: compileComputeKernel
  api=4 insize=8597763 outsize=201 ok=1
Cmd: compileComputeKernel
  api=4 insize=8597763 outsize=201 ok=1
Cmd: compileComputeKernel
  api=4 insize=8597763 outsize=201 ok=1
Cmd: compileComputeKernel
  api=4 insize=8597763 outsize=201 ok=1
Cmd: compileComputeKernel
  api=4 insize=8597763 outsize=201 ok=1
Cmd: compileComputeKernel
  api=4 insize=8597763 outsize=10013 ok=1
Cmd: compileComputeKernel
  api=4 insize=8597763 outsize=20709 ok=1
Cmd: compileComputeKernel
  api=4 insize=8597763 outsize=21337 ok=1
Cmd: compileComputeKernel
  api=4 insize=8597763 outsize=3937 ok=1
Cmd: compileComputeKernel
  api=4 insize=8597763 outsize=201 ok=1
Cmd: compileComputeKernel
  api=4 insize=8597763 outsize=22029 ok=1
Cmd: compileComputeKernel
  api=4 insize=8597763 outsize=201 ok=1
Cmd: compileComputeKernel
  api=4 insize=8597763 outsize=19021 ok=1
Cmd: compileComputeKernel
  api=4 insize=8597763 outsize=201 ok=1
Cmd: compileComputeKernel
  api=4 insize=8597763 outsize=11669 ok=1
Cmd: compileComputeKernel
  api=4 insize=8597763 outsize=201 ok=1
Cmd: compileComputeKernel
  api=4 insize=8597763 outsize=201 ok=1
Cmd: compileComputeKernel
  api=4 insize=8597763 outsize=201 ok=1
Cmd: compileComputeKernel
  api=4 insize=8597763 outsize=201 ok=1
Cmd: compileComputeKernel
  api=4 insize=8597763 outsize=201 ok=1
Cmd: compileComputeKernel
  api=4 insize=8597763 outsize=201 ok=1
Cmd: compileComputeKernel
  api=4 insize=8597763 outsize=201 ok=1
Cmd: compileComputeKernel
  api=4 insize=8597763 outsize=201 ok=1
Cmd: compileComputeKernel
  api=4 insize=8597763 outsize=10417 ok=1
Cmd: compileComputeKernel
  api=4 insize=8597763 outsize=16133 ok=1
Cmd: compileComputeKernel
  api=4 insize=8597763 outsize=201 ok=1
Cmd: compileComputeKernel
  api=4 insize=8597763 outsize=201 ok=1
Cmd: compileComputeKernel
  api=4 insize=8597763 outsize=201 ok=1
Cmd: compileComputeKernel
  api=4 insize=8597763 outsize=201 ok=1
Cmd: compileComputeKernel
Unhandled exception: Protocol error - unexpected end of data (did the Editor crash?)

Quitting shader compiler process
